2024-11-12 08:33:45,938 - INFO - База данных успешно инициализирована
2024-11-12 08:33:45,939 - INFO - WhatsApp бот успешно запущен с ID: 7103942473
2024-11-12 08:33:45,940 - INFO - Приложение успешно запущено
2024-11-12 08:33:46,341 - INFO - Аккаунт успешно перезапущен в 2024-11-12 08:33:45
2024-11-12 08:33:46,682 - INFO - Аккаунт успешно перезапущен в 2024-11-12 08:33:46
2024-11-12 08:33:51,692 - INFO - Отправка запроса на получение информации о контакте: chat_id=77075543658@c.us
2024-11-12 08:33:52,308 - INFO - Отправка запроса на получение информации о контакте: chat_id=
2024-11-12 08:33:52,636 - ERROR - Ошибка при получении информации о контакте: статус 400
2024-11-12 08:33:52,636 - INFO - INSTANCEDATA=Менеджер
2024-11-12 08:33:52,799 - INFO - Сохранено входящее сообщение: 114
2024-11-12 08:33:52,904 - INFO - Отправка запроса на получение информации о контакте: chat_id=77476758154@c.us
2024-11-12 08:34:11,736 - INFO - Начинаем остановку приложения...
2024-11-12 08:34:11,736 - INFO - Запрошена остановка бота
2024-11-12 08:34:12,931 - INFO - Приложение успешно остановлено
2024-11-12 08:34:12,951 - INFO - Executor успешно завершен в __del__
2024-11-12 08:34:18,719 - INFO - База данных успешно инициализирована
2024-11-12 08:34:18,719 - INFO - WhatsApp бот успешно запущен с ID: 7103942473
2024-11-12 08:34:18,719 - INFO - Приложение успешно запущено
2024-11-12 08:34:19,069 - INFO - Аккаунт успешно перезапущен в 2024-11-12 08:34:18
2024-11-12 08:34:19,422 - INFO - Аккаунт успешно перезапущен в 2024-11-12 08:34:19
2024-11-12 08:34:28,758 - INFO - Отправка запроса на получение информации о контакте: chat_id=77075543658@c.us
2024-11-12 08:34:29,373 - INFO - Отправка запроса на получение информации о контакте: chat_id=
2024-11-12 08:34:29,702 - ERROR - Ошибка при получении информации о контакте: статус 400
2024-11-12 08:34:29,703 - INFO - INSTANCEDATA=Менеджер
2024-11-12 08:34:29,830 - INFO - Сохранено входящее сообщение: 116
2024-11-12 08:34:29,921 - INFO - Отправка запроса на получение информации о контакте: chat_id=77476758154@c.us
2024-11-12 08:35:11,017 - INFO - Начинаем остановку приложения...
2024-11-12 08:35:11,017 - INFO - Запрошена остановка бота
2024-11-12 08:35:15,308 - INFO - Executor успешно завершен в __del__
2024-11-12 08:35:38,510 - INFO - База данных успешно инициализирована
2024-11-12 08:35:38,512 - INFO - WhatsApp бот успешно запущен с ID: 7103942473
2024-11-12 08:35:38,512 - INFO - Приложение успешно запущено
2024-11-12 08:35:38,869 - INFO - Аккаунт успешно перезапущен в 2024-11-12 08:35:38
2024-11-12 08:35:39,217 - ERROR - Ошибка при запросе перезагрузки: статус 429 в 2024-11-12 08:35:38
2024-11-12 08:35:44,244 - INFO - Отправка запроса на получение информации о контакте: chat_id=77075543658@c.us
2024-11-12 08:35:44,757 - INFO - Отправка запроса на получение информации о контакте: chat_id=
2024-11-12 08:35:45,099 - ERROR - Ошибка при получении информации о контакте: статус 400
2024-11-12 08:35:45,099 - INFO - INSTANCEDATA=Менеджер
2024-11-12 08:35:45,217 - INFO - Сохранено входящее сообщение: 118
2024-11-12 08:35:46,784 - ERROR - Ошибка при генерации/отправке ответа: can only concatenate str (not "list") to str
2024-11-12 08:36:52,513 - INFO - Начинаем остановку приложения...
2024-11-12 08:36:52,514 - INFO - Запрошена остановка бота
2024-11-12 08:36:56,944 - INFO - Executor успешно завершен в __del__
2024-11-12 08:38:35,376 - INFO - База данных успешно инициализирована
2024-11-12 08:38:35,377 - INFO - WhatsApp бот успешно запущен с ID: 7103942473
2024-11-12 08:38:35,377 - INFO - Приложение успешно запущено
2024-11-12 08:38:35,711 - INFO - Аккаунт успешно перезапущен в 2024-11-12 08:38:35
2024-11-12 08:38:36,039 - ERROR - Ошибка при запросе перезагрузки: статус 429 в 2024-11-12 08:38:35
2024-11-12 08:38:40,044 - INFO - Отправка запроса на получение информации о контакте: chat_id=77075543658@c.us
2024-11-12 08:38:40,688 - INFO - Отправка запроса на получение информации о контакте: chat_id=
2024-11-12 08:38:41,026 - ERROR - Ошибка при получении информации о контакте: статус 400
2024-11-12 08:38:41,027 - INFO - INSTANCEDATA=Менеджер
2024-11-12 08:38:41,183 - INFO - Сохранено входящее сообщение: 120
2024-11-12 08:38:42,441 - ERROR - Ошибка при генерации/отправке ответа: can only concatenate str (not "list") to str
2024-11-12 08:39:43,697 - INFO - Начинаем остановку приложения...
2024-11-12 08:39:43,698 - INFO - Запрошена остановка бота
2024-11-12 08:39:46,350 - INFO - Приложение успешно остановлено
2024-11-12 08:39:46,372 - INFO - Executor успешно завершен в __del__
2024-11-12 20:21:57,431 - INFO - База данных успешно инициализирована
2024-11-12 20:21:57,433 - INFO - WhatsApp бот успешно запущен с ID: 7103942473
2024-11-12 20:21:57,434 - INFO - Приложение успешно запущено
2024-11-12 20:21:57,872 - INFO - Аккаунт успешно перезапущен в 2024-11-12 20:21:57
2024-11-12 20:21:58,238 - INFO - Аккаунт успешно перезапущен в 2024-11-12 20:21:57
2024-11-12 20:22:04,599 - INFO - Отправка запроса на получение информации о контакте: chat_id=77075543658@c.us
2024-11-12 20:22:05,237 - INFO - Отправка запроса на получение информации о контакте: chat_id=
2024-11-12 20:22:05,595 - ERROR - Ошибка при получении информации о контакте: статус 400
2024-11-12 20:22:05,595 - INFO - INSTANCEDATA=Менеджер
2024-11-12 20:22:05,728 - INFO - Сохранено входящее сообщение: 1
2024-11-12 20:22:06,028 - INFO - Отправка сообщения на 77476758154@c.us: Извините, произошла ошибка. Наш менеджер скоро свяжется с вами.
2024-11-12 20:22:06,373 - INFO - Сообщение успешно отправлено: {'idMessage': 'BAE5AC9D5E5CDC4A'}
2024-11-12 20:22:06,374 - INFO - Отправлен ответ ИИ в чат 77476758154@c.us
