2024-11-04 13:35:39,433 - INFO - База данных успешно инициализирована
2024-11-04 13:35:39,433 - INFO - WhatsApp бот успешно запущен с ID: 7103942473
2024-11-04 13:35:39,433 - INFO - Приложение успешно запущено
2024-11-04 13:35:39,441 - INFO - WhatsApp бот запущен с ID: 7103942473
2024-11-04 13:35:40,799 - INFO - Получен webhook типа: outgoingMessageStatus, данные: {'typeWebhook': 'outgoingMessageStatus', 'chatId': '77072508661@c.us', 'instanceData': {'idInstance': 7103942473, 'wid': '77075543658@c.us', 'typeInstance': 'whatsapp'}, 'timestamp': 1730713858, 'idMessage': 'A9DAC2953E0A11110D4558B442A23B2F', 'status': 'sent', 'sendByApi': False}
2024-11-04 13:35:41,296 - ERROR - Ошибка сохранения исходящего сообщения из статуса: (psycopg2.errors.DatatypeMismatch) column "timestamp" is of type timestamp without time zone but expression is of type integer
LINE 1: ...l, message_url, mime_type) VALUES (1, 'outgoing', 1730713858...
                                                             ^
HINT:  You will need to rewrite or cast the expression.

[SQL: INSERT INTO messages (receipt_id, webhook_type, timestamp, id_message, is_from_client, instance_id, instance_wid, instance_type, sender_chat_id, sender_name, sender_contact_name, message_type, message_text, message_description, message_title, message_preview_type, message_thumbnail, message_url, mime_type) VALUES (%(receipt_id)s, %(webhook_type)s, %(timestamp)s, %(id_message)s, %(is_from_client)s, %(instance_id)s, %(instance_wid)s, %(instance_type)s, %(sender_chat_id)s, %(sender_name)s, %(sender_contact_name)s, %(message_type)s, %(message_text)s, %(message_description)s, %(message_title)s, %(message_preview_type)s, %(message_thumbnail)s, %(message_url)s, %(mime_type)s) RETURNING messages.id]
[parameters: {'receipt_id': 1, 'webhook_type': 'outgoing', 'timestamp': 1730713858, 'id_message': 'A9DAC2953E0A11110D4558B442A23B2F', 'is_from_client': False, 'instance_id': 7103942473, 'instance_wid': '77075543658@c.us', 'instance_type': 'whatsapp', 'sender_chat_id': '77072508661@c.us', 'sender_name': None, 'sender_contact_name': None, 'message_type': 'textMessage', 'message_text': '', 'message_description': None, 'message_title': None, 'message_preview_type': None, 'message_thumbnail': None, 'message_url': None, 'mime_type': None}]
(Background on this error at: https://sqlalche.me/e/20/f405)
2024-11-04 13:35:41,417 - INFO - Обновлен статус сообщения: 13
2024-11-04 13:35:42,132 - INFO - Получен webhook типа: outgoingMessageStatus, данные: {'typeWebhook': 'outgoingMessageStatus', 'chatId': '77072508661@c.us', 'instanceData': {'idInstance': 7103942473, 'wid': '77075543658@c.us', 'typeInstance': 'whatsapp'}, 'timestamp': 1730713858, 'idMessage': 'A9DAC2953E0A11110D4558B442A23B2F', 'status': 'delivered', 'sendByApi': False}
2024-11-04 13:35:42,587 - ERROR - Ошибка сохранения исходящего сообщения из статуса: (psycopg2.errors.DatatypeMismatch) column "timestamp" is of type timestamp without time zone but expression is of type integer
LINE 1: ...l, message_url, mime_type) VALUES (2, 'outgoing', 1730713858...
                                                             ^
HINT:  You will need to rewrite or cast the expression.

[SQL: INSERT INTO messages (receipt_id, webhook_type, timestamp, id_message, is_from_client, instance_id, instance_wid, instance_type, sender_chat_id, sender_name, sender_contact_name, message_type, message_text, message_description, message_title, message_preview_type, message_thumbnail, message_url, mime_type) VALUES (%(receipt_id)s, %(webhook_type)s, %(timestamp)s, %(id_message)s, %(is_from_client)s, %(instance_id)s, %(instance_wid)s, %(instance_type)s, %(sender_chat_id)s, %(sender_name)s, %(sender_contact_name)s, %(message_type)s, %(message_text)s, %(message_description)s, %(message_title)s, %(message_preview_type)s, %(message_thumbnail)s, %(message_url)s, %(mime_type)s) RETURNING messages.id]
[parameters: {'receipt_id': 2, 'webhook_type': 'outgoing', 'timestamp': 1730713858, 'id_message': 'A9DAC2953E0A11110D4558B442A23B2F', 'is_from_client': False, 'instance_id': 7103942473, 'instance_wid': '77075543658@c.us', 'instance_type': 'whatsapp', 'sender_chat_id': '77072508661@c.us', 'sender_name': None, 'sender_contact_name': None, 'message_type': 'textMessage', 'message_text': '', 'message_description': None, 'message_title': None, 'message_preview_type': None, 'message_thumbnail': None, 'message_url': None, 'mime_type': None}]
(Background on this error at: https://sqlalche.me/e/20/f405)
2024-11-04 13:35:42,721 - INFO - Обновлен статус сообщения: 14
2024-11-04 13:35:44,015 - INFO - Получен webhook типа: incomingMessageReceived, данные: {'typeWebhook': 'incomingMessageReceived', 'instanceData': {'idInstance': 7103942473, 'wid': '77075543658@c.us', 'typeInstance': 'whatsapp'}, 'timestamp': 1730713863, 'idMessage': 'BAE57FD48E10F924', 'senderData': {'chatId': '77072508661@c.us', 'chatName': '77072508661', 'sender': '77072508661@c.us', 'senderName': 'Akbarys English', 'senderContactName': ''}, 'messageData': {'typeMessage': 'extendedTextMessage', 'extendedTextMessageData': {'text': 'Добро пожаловать в образовательный центр "AkBarys"! 😊 Как вас зовут? Услуги, которые мы предлагаем, включают обучение английскому и казахскому языкам, математику, робототехнику, шахматы, домбру, а также множество спортивных секций. Какой курс вас интересует?', 'description': '', 'title': '', 'previewType': 'None', 'jpegThumbnail': '', 'forwardingScore': 0, 'isForwarded': False}}}
2024-11-04 13:35:44,081 - ERROR - Ошибка сохранения входящего сообщения: (psycopg2.errors.UniqueViolation) duplicate key value violates unique constraint "messages_receipt_id_key"
DETAIL:  Key (receipt_id)=(3) already exists.

[SQL: INSERT INTO messages (receipt_id, webhook_type, timestamp, id_message, is_from_client, instance_id, instance_wid, instance_type, sender_chat_id, sender_name, sender_contact_name, message_type, message_text, message_description, message_title, message_preview_type, message_thumbnail, message_url, mime_type) VALUES (%(receipt_id)s, %(webhook_type)s, %(timestamp)s, %(id_message)s, %(is_from_client)s, %(instance_id)s, %(instance_wid)s, %(instance_type)s, %(sender_chat_id)s, %(sender_name)s, %(sender_contact_name)s, %(message_type)s, %(message_text)s, %(message_description)s, %(message_title)s, %(message_preview_type)s, %(message_thumbnail)s, %(message_url)s, %(mime_type)s) RETURNING messages.id]
[parameters: {'receipt_id': 3, 'webhook_type': 'incoming', 'timestamp': datetime.datetime(2024, 11, 4, 10, 35, 44, 17009), 'id_message': 'BAE57FD48E10F924', 'is_from_client': True, 'instance_id': '7103942473', 'instance_wid': '77075543658@c.us', 'instance_type': 'whatsapp', 'sender_chat_id': '77072508661@c.us', 'sender_name': 'Akbarys English', 'sender_contact_name': None, 'message_type': 'extendedTextMessage', 'message_text': 'Добро пожаловать в образовательный центр "AkBarys"! 😊 Как вас зовут? Услуги, которые мы предлагаем, включают обучение английскому и казахскому языкам, математику, робототехнику, шахматы, домбру, а также множество спортивных секций. Какой курс вас интересует?', 'message_description': None, 'message_title': None, 'message_preview_type': None, 'message_thumbnail': None, 'message_url': '', 'mime_type': None}]
(Background on this error at: https://sqlalche.me/e/20/gkpj)
2024-11-04 13:35:44,758 - INFO - Получен webhook типа: outgoingMessageStatus, данные: {'typeWebhook': 'outgoingMessageStatus', 'chatId': '77072508661@c.us', 'instanceData': {'idInstance': 7103942473, 'wid': '77075543658@c.us', 'typeInstance': 'whatsapp'}, 'timestamp': 1730714064, 'idMessage': 'A9DAC2953E0A11110D4558B442A23B2F', 'status': 'read', 'sendByApi': False}
2024-11-04 13:35:45,209 - ERROR - Ошибка сохранения исходящего сообщения из статуса: (psycopg2.errors.DatatypeMismatch) column "timestamp" is of type timestamp without time zone but expression is of type integer
LINE 1: ...l, message_url, mime_type) VALUES (4, 'outgoing', 1730714064...
                                                             ^
HINT:  You will need to rewrite or cast the expression.

[SQL: INSERT INTO messages (receipt_id, webhook_type, timestamp, id_message, is_from_client, instance_id, instance_wid, instance_type, sender_chat_id, sender_name, sender_contact_name, message_type, message_text, message_description, message_title, message_preview_type, message_thumbnail, message_url, mime_type) VALUES (%(receipt_id)s, %(webhook_type)s, %(timestamp)s, %(id_message)s, %(is_from_client)s, %(instance_id)s, %(instance_wid)s, %(instance_type)s, %(sender_chat_id)s, %(sender_name)s, %(sender_contact_name)s, %(message_type)s, %(message_text)s, %(message_description)s, %(message_title)s, %(message_preview_type)s, %(message_thumbnail)s, %(message_url)s, %(mime_type)s) RETURNING messages.id]
[parameters: {'receipt_id': 4, 'webhook_type': 'outgoing', 'timestamp': 1730714064, 'id_message': 'A9DAC2953E0A11110D4558B442A23B2F', 'is_from_client': False, 'instance_id': 7103942473, 'instance_wid': '77075543658@c.us', 'instance_type': 'whatsapp', 'sender_chat_id': '77072508661@c.us', 'sender_name': None, 'sender_contact_name': None, 'message_type': 'textMessage', 'message_text': '', 'message_description': None, 'message_title': None, 'message_preview_type': None, 'message_thumbnail': None, 'message_url': None, 'mime_type': None}]
(Background on this error at: https://sqlalche.me/e/20/f405)
2024-11-04 13:35:45,318 - INFO - Обновлен статус сообщения: 15
2024-11-04 13:35:46,081 - INFO - Получен webhook типа: outgoingMessageStatus, данные: {'typeWebhook': 'outgoingMessageStatus', 'chatId': '77072508661@c.us', 'instanceData': {'idInstance': 7103942473, 'wid': '77075543658@c.us', 'typeInstance': 'whatsapp'}, 'timestamp': 1730715022, 'idMessage': '1D0661D8E034F35B8CBEC0B1E0E34896', 'status': 'sent', 'sendByApi': False}
2024-11-04 13:35:46,549 - ERROR - Ошибка сохранения исходящего сообщения из статуса: (psycopg2.errors.DatatypeMismatch) column "timestamp" is of type timestamp without time zone but expression is of type integer
LINE 1: ...l, message_url, mime_type) VALUES (5, 'outgoing', 1730715022...
                                                             ^
HINT:  You will need to rewrite or cast the expression.

[SQL: INSERT INTO messages (receipt_id, webhook_type, timestamp, id_message, is_from_client, instance_id, instance_wid, instance_type, sender_chat_id, sender_name, sender_contact_name, message_type, message_text, message_description, message_title, message_preview_type, message_thumbnail, message_url, mime_type) VALUES (%(receipt_id)s, %(webhook_type)s, %(timestamp)s, %(id_message)s, %(is_from_client)s, %(instance_id)s, %(instance_wid)s, %(instance_type)s, %(sender_chat_id)s, %(sender_name)s, %(sender_contact_name)s, %(message_type)s, %(message_text)s, %(message_description)s, %(message_title)s, %(message_preview_type)s, %(message_thumbnail)s, %(message_url)s, %(mime_type)s) RETURNING messages.id]
[parameters: {'receipt_id': 5, 'webhook_type': 'outgoing', 'timestamp': 1730715022, 'id_message': '1D0661D8E034F35B8CBEC0B1E0E34896', 'is_from_client': False, 'instance_id': 7103942473, 'instance_wid': '77075543658@c.us', 'instance_type': 'whatsapp', 'sender_chat_id': '77072508661@c.us', 'sender_name': None, 'sender_contact_name': None, 'message_type': 'textMessage', 'message_text': '', 'message_description': None, 'message_title': None, 'message_preview_type': None, 'message_thumbnail': None, 'message_url': None, 'mime_type': None}]
(Background on this error at: https://sqlalche.me/e/20/f405)
2024-11-04 13:35:46,668 - INFO - Обновлен статус сообщения: 16
2024-11-04 13:35:46,959 - INFO - Начинаем остановку приложения...
2024-11-04 13:35:47,029 - INFO - Приложение успешно остановлено
2024-11-04 13:42:32,699 - INFO - База данных успешно инициализирована
2024-11-04 13:42:32,701 - INFO - WhatsApp бот успешно запущен с ID: 7103942473
2024-11-04 13:42:32,702 - INFO - Приложение успешно запущено
2024-11-04 13:42:32,703 - INFO - WhatsApp бот запущен с ID: 7103942473
2024-11-04 13:42:58,397 - INFO - Получен webhook типа: incomingMessageReceived, данные: {'typeWebhook': 'incomingMessageReceived', 'instanceData': {'idInstance': 7103942473, 'wid': '77075543658@c.us', 'typeInstance': 'whatsapp'}, 'timestamp': 1730716978, 'idMessage': '3F01D8230AE2E9A632EB', 'senderData': {'chatId': '77476758154@c.us', 'chatName': 'Марк', 'sender': '77476758154@c.us', 'senderName': 'Марк', 'senderContactName': 'Марк'}, 'messageData': {'typeMessage': 'extendedTextMessage', 'extendedTextMessageData': {'text': '1', 'description': '', 'title': '', 'previewType': 'None', 'jpegThumbnail': '', 'forwardingScore': 0, 'isForwarded': False}}}
2024-11-04 13:42:58,552 - INFO - Сохранено входящее сообщение: 7
2024-11-04 13:43:06,648 - INFO - Получен webhook типа: outgoingMessageStatus, данные: {'typeWebhook': 'outgoingMessageStatus', 'chatId': '77075543658@c.us', 'instanceData': {'idInstance': 7103942473, 'wid': '77075543658@c.us', 'typeInstance': 'whatsapp'}, 'timestamp': 1730716987, 'idMessage': '47636AE6CBA4287313BB2DFB701F1B59', 'status': 'sent', 'sendByApi': False}
2024-11-04 13:43:07,231 - INFO - Сохранено исходящее сообщение из статуса: 8
2024-11-04 13:43:07,363 - INFO - Обновлен статус сообщения: 17
2024-11-04 13:44:08,699 - INFO - Получен webhook типа: outgoingMessageStatus, данные: {'typeWebhook': 'outgoingMessageStatus', 'chatId': '77476758154@c.us', 'instanceData': {'idInstance': 7103942473, 'wid': '77075543658@c.us', 'typeInstance': 'whatsapp'}, 'timestamp': 1730717049, 'idMessage': 'E2B19C50B2D52D3E13A60657EB9DA581', 'status': 'sent', 'sendByApi': False}
2024-11-04 13:44:09,227 - INFO - Сохранено исходящее сообщение из статуса: 9
2024-11-04 13:44:09,342 - INFO - Обновлен статус сообщения: 18
2024-11-04 13:44:10,052 - INFO - Получен webhook типа: outgoingMessageStatus, данные: {'typeWebhook': 'outgoingMessageStatus', 'chatId': '77476758154@c.us', 'instanceData': {'idInstance': 7103942473, 'wid': '77075543658@c.us', 'typeInstance': 'whatsapp'}, 'timestamp': 1730717049, 'idMessage': 'E2B19C50B2D52D3E13A60657EB9DA581', 'status': 'delivered', 'sendByApi': False}
2024-11-04 13:44:10,224 - INFO - Обновлен статус сообщения: 19
2024-11-04 13:54:20,523 - INFO - Получен webhook типа: outgoingMessageStatus, данные: {'typeWebhook': 'outgoingMessageStatus', 'chatId': '77476758154@c.us', 'instanceData': {'idInstance': 7103942473, 'wid': '77075543658@c.us', 'typeInstance': 'whatsapp'}, 'timestamp': 1730717661, 'idMessage': 'E2B19C50B2D52D3E13A60657EB9DA581', 'status': 'read', 'sendByApi': False}
2024-11-04 13:54:20,688 - INFO - Обновлен статус сообщения: 20
2024-11-04 14:07:56,679 - INFO - Начинаем остановку приложения...
2024-11-04 14:08:01,763 - INFO - База данных успешно инициализирована
2024-11-04 14:08:01,763 - INFO - WhatsApp бот успешно запущен с ID: 7103942473
2024-11-04 14:08:01,764 - INFO - Приложение успешно запущено
2024-11-04 14:08:01,764 - INFO - WhatsApp бот запущен с ID: 7103942473
2024-11-04 14:08:22,117 - INFO - Получен webhook типа: incomingMessageReceived, данные: {'typeWebhook': 'incomingMessageReceived', 'instanceData': {'idInstance': 7103942473, 'wid': '77075543658@c.us', 'typeInstance': 'whatsapp'}, 'timestamp': 1730718502, 'idMessage': '3FE342758A543885BBD7', 'senderData': {'chatId': '77476758154@c.us', 'chatName': 'Марк', 'sender': '77476758154@c.us', 'senderName': 'Марк', 'senderContactName': 'Марк'}, 'messageData': {'typeMessage': 'extendedTextMessage', 'extendedTextMessageData': {'text': 'q', 'description': '', 'title': '', 'previewType': 'None', 'jpegThumbnail': '', 'forwardingScore': 0, 'isForwarded': False}}}
2024-11-04 14:08:22,269 - INFO - Сохранено входящее сообщение: 1
2024-11-04 14:08:40,681 - INFO - Получен webhook типа: outgoingMessageStatus, данные: {'typeWebhook': 'outgoingMessageStatus', 'chatId': '77476758154@c.us', 'instanceData': {'idInstance': 7103942473, 'wid': '77075543658@c.us', 'typeInstance': 'whatsapp'}, 'timestamp': 1730718521, 'idMessage': 'D6D9F490606401607F95792431B75CF4', 'status': 'sent', 'sendByApi': False}
2024-11-04 14:08:40,741 - INFO - Отправка запроса на получение текста сообщения: chat_id=77476758154@c.us, message_id=D6D9F490606401607F95792431B75CF4
2024-11-04 14:08:41,116 - ERROR - Ошибка при получении текста сообщения: статус 400
2024-11-04 14:08:41,230 - INFO - Сохранено исходящее сообщение из статуса: 2
2024-11-04 14:08:41,342 - INFO - Обновлен статус сообщения: 1
2024-11-04 14:08:42,027 - INFO - Получен webhook типа: outgoingMessageStatus, данные: {'typeWebhook': 'outgoingMessageStatus', 'chatId': '77476758154@c.us', 'instanceData': {'idInstance': 7103942473, 'wid': '77075543658@c.us', 'typeInstance': 'whatsapp'}, 'timestamp': 1730718521, 'idMessage': 'D6D9F490606401607F95792431B75CF4', 'status': 'delivered', 'sendByApi': False}
2024-11-04 14:08:42,198 - INFO - Обновлен статус сообщения: 2
2024-11-04 14:08:51,846 - INFO - Начинаем остановку приложения...
2024-11-04 14:08:55,258 - INFO - Приложение успешно остановлено
2024-11-04 14:54:55,498 - INFO - База данных успешно инициализирована
2024-11-04 14:54:55,498 - INFO - WhatsApp бот успешно запущен с ID: 7103942473
2024-11-04 14:54:55,498 - INFO - Приложение успешно запущено
2024-11-04 14:54:55,498 - INFO - WhatsApp бот запущен с ID: 7103942473
2024-11-04 14:54:56,859 - INFO - Получен webhook типа: outgoingMessageStatus, данные: {'typeWebhook': 'outgoingMessageStatus', 'chatId': '77476758154@c.us', 'instanceData': {'idInstance': 7103942473, 'wid': '77075543658@c.us', 'typeInstance': 'whatsapp'}, 'timestamp': 1730718591, 'idMessage': 'D6D9F490606401607F95792431B75CF4', 'status': 'read', 'sendByApi': False}
2024-11-04 14:54:57,016 - INFO - Обновлен статус сообщения: 3
2024-11-04 14:55:00,746 - INFO - Получен webhook типа: incomingMessageReceived, данные: {'typeWebhook': 'incomingMessageReceived', 'instanceData': {'idInstance': 7103942473, 'wid': '77075543658@c.us', 'typeInstance': 'whatsapp'}, 'timestamp': 1730721301, 'idMessage': '3FE096518710D09D6F13', 'senderData': {'chatId': '77476758154@c.us', 'chatName': 'Марк', 'sender': '77476758154@c.us', 'senderName': 'Марк', 'senderContactName': 'Марк'}, 'messageData': {'typeMessage': 'extendedTextMessage', 'extendedTextMessageData': {'text': 'привет', 'description': '', 'title': '', 'previewType': 'None', 'jpegThumbnail': '', 'forwardingScore': 0, 'isForwarded': False}}}
2024-11-04 14:55:00,814 - ERROR - Ошибка сохранения входящего сообщения: (psycopg2.errors.UniqueViolation) duplicate key value violates unique constraint "messages_receipt_id_key"
DETAIL:  Key (receipt_id)=(2) already exists.

[SQL: INSERT INTO messages (receipt_id, is_from_client, webhook_type, sender_name, sender_chat_id, sender_contact_name, instance_wid, message_type, message_text, message_description, message_title, message_preview_type, message_thumbnail, message_url, mime_type, instance_id, instance_type, id_message, timestamp, create_at) VALUES (%(receipt_id)s, %(is_from_client)s, %(webhook_type)s, %(sender_name)s, %(sender_chat_id)s, %(sender_contact_name)s, %(instance_wid)s, %(message_type)s, %(message_text)s, %(message_description)s, %(message_title)s, %(message_preview_type)s, %(message_thumbnail)s, %(message_url)s, %(mime_type)s, %(instance_id)s, %(instance_type)s, %(id_message)s, %(timestamp)s, %(create_at)s) RETURNING messages.id]
[parameters: {'receipt_id': 2, 'is_from_client': True, 'webhook_type': 'incoming', 'sender_name': 'Марк', 'sender_chat_id': '77476758154@c.us', 'sender_contact_name': None, 'instance_wid': '77075543658@c.us', 'message_type': 'extendedTextMessage', 'message_text': 'привет', 'message_description': None, 'message_title': None, 'message_preview_type': None, 'message_thumbnail': None, 'message_url': '', 'mime_type': None, 'instance_id': '7103942473', 'instance_type': 'whatsapp', 'id_message': '3FE096518710D09D6F13', 'timestamp': datetime.datetime(2024, 11, 4, 14, 55, 0, 749210), 'create_at': datetime.datetime(2024, 11, 4, 14, 55, 0, 749210)}]
(Background on this error at: https://sqlalche.me/e/20/gkpj)
2024-11-04 14:55:07,294 - INFO - Начинаем остановку приложения...
2024-11-04 14:55:47,588 - INFO - База данных успешно инициализирована
2024-11-04 14:55:47,588 - INFO - WhatsApp бот успешно запущен с ID: 7103942473
2024-11-04 14:55:47,588 - INFO - Приложение успешно запущено
2024-11-04 14:55:47,589 - INFO - WhatsApp бот запущен с ID: 7103942473
2024-11-04 14:55:50,942 - INFO - Получен webhook типа: incomingMessageReceived, данные: {'typeWebhook': 'incomingMessageReceived', 'instanceData': {'idInstance': 7103942473, 'wid': '77075543658@c.us', 'typeInstance': 'whatsapp'}, 'timestamp': 1730721351, 'idMessage': '3FBC05CC406A2E9018E3', 'senderData': {'chatId': '77476758154@c.us', 'chatName': 'Марк', 'sender': '77476758154@c.us', 'senderName': 'Марк', 'senderContactName': 'Марк'}, 'messageData': {'typeMessage': 'extendedTextMessage', 'extendedTextMessageData': {'text': 'feeeeee', 'description': '', 'title': '', 'previewType': 'None', 'jpegThumbnail': '', 'forwardingScore': 0, 'isForwarded': False}}}
2024-11-04 14:55:51,055 - INFO - Сохранено входящее сообщение: 1
2024-11-04 14:56:02,090 - INFO - Получен webhook типа: outgoingMessageStatus, данные: {'typeWebhook': 'outgoingMessageStatus', 'chatId': '77476758154@c.us', 'instanceData': {'idInstance': 7103942473, 'wid': '77075543658@c.us', 'typeInstance': 'whatsapp'}, 'timestamp': 1730721362, 'idMessage': 'BC9C47D36E832F6DA5C2FD7CDFFD45FA', 'status': 'sent', 'sendByApi': False}
2024-11-04 14:56:02,135 - INFO - Отправка запроса на получение текста сообщения: chat_id=77476758154@c.us, message_id=BC9C47D36E832F6DA5C2FD7CDFFD45FA
2024-11-04 14:56:02,506 - ERROR - Ошибка при получении текста сообщения: статус 400
2024-11-04 14:56:02,588 - INFO - Сохранено исходящее сообщение из статуса: 2
2024-11-04 14:56:02,675 - INFO - Обновлен статус сообщения: 1
2024-11-04 14:56:03,382 - INFO - Получен webhook типа: outgoingMessageStatus, данные: {'typeWebhook': 'outgoingMessageStatus', 'chatId': '77476758154@c.us', 'instanceData': {'idInstance': 7103942473, 'wid': '77075543658@c.us', 'typeInstance': 'whatsapp'}, 'timestamp': 1730721362, 'idMessage': 'BC9C47D36E832F6DA5C2FD7CDFFD45FA', 'status': 'read', 'sendByApi': False}
2024-11-04 14:56:03,501 - INFO - Обновлен статус сообщения: 2
2024-11-04 14:56:04,198 - INFO - Получен webhook типа: outgoingMessageStatus, данные: {'typeWebhook': 'outgoingMessageStatus', 'chatId': '77476758154@c.us', 'instanceData': {'idInstance': 7103942473, 'wid': '77075543658@c.us', 'typeInstance': 'whatsapp'}, 'timestamp': 1730721362, 'idMessage': 'BC9C47D36E832F6DA5C2FD7CDFFD45FA', 'status': 'delivered', 'sendByApi': False}
2024-11-04 14:56:04,312 - INFO - Обновлен статус сообщения: 3
2024-11-04 14:56:11,421 - INFO - Получен webhook типа: outgoingMessageStatus, данные: {'typeWebhook': 'outgoingMessageStatus', 'chatId': '77476758154@c.us', 'instanceData': {'idInstance': 7103942473, 'wid': '77075543658@c.us', 'typeInstance': 'whatsapp'}, 'timestamp': 1730721371, 'idMessage': 'D19CD0D0B4B4B2622070EC37ADE62DA2', 'status': 'sent', 'sendByApi': False}
2024-11-04 14:56:11,466 - INFO - Отправка запроса на получение текста сообщения: chat_id=77476758154@c.us, message_id=D19CD0D0B4B4B2622070EC37ADE62DA2
2024-11-04 14:56:11,812 - ERROR - Ошибка при получении текста сообщения: статус 400
2024-11-04 14:56:11,892 - INFO - Сохранено исходящее сообщение из статуса: 3
2024-11-04 14:56:11,973 - INFO - Обновлен статус сообщения: 4
2024-11-04 14:56:12,687 - INFO - Получен webhook типа: outgoingMessageStatus, данные: {'typeWebhook': 'outgoingMessageStatus', 'chatId': '77476758154@c.us', 'instanceData': {'idInstance': 7103942473, 'wid': '77075543658@c.us', 'typeInstance': 'whatsapp'}, 'timestamp': 1730721371, 'idMessage': 'D19CD0D0B4B4B2622070EC37ADE62DA2', 'status': 'delivered', 'sendByApi': False}
2024-11-04 14:56:12,806 - INFO - Обновлен статус сообщения: 5
2024-11-04 14:56:13,500 - INFO - Получен webhook типа: outgoingMessageStatus, данные: {'typeWebhook': 'outgoingMessageStatus', 'chatId': '77476758154@c.us', 'instanceData': {'idInstance': 7103942473, 'wid': '77075543658@c.us', 'typeInstance': 'whatsapp'}, 'timestamp': 1730721371, 'idMessage': 'D19CD0D0B4B4B2622070EC37ADE62DA2', 'status': 'read', 'sendByApi': False}
2024-11-04 14:56:13,629 - INFO - Обновлен статус сообщения: 6
2024-11-04 15:15:26,237 - INFO - Получен webhook типа: outgoingMessageStatus, данные: {'typeWebhook': 'outgoingMessageStatus', 'chatId': '77476758154@c.us', 'instanceData': {'idInstance': 7103942473, 'wid': '77075543658@c.us', 'typeInstance': 'whatsapp'}, 'timestamp': 1730722527, 'idMessage': 'BAE52EC4F4BCDDB8', 'status': 'sent', 'sendByApi': True}
2024-11-04 15:15:26,285 - INFO - Отправка запроса на получение текста сообщения: chat_id=77476758154@c.us, message_id=BAE52EC4F4BCDDB8
2024-11-04 15:15:26,726 - INFO - Сохранено исходящее сообщение из статуса: 4
2024-11-04 15:15:26,807 - INFO - Обновлен статус сообщения: 7
2024-11-04 15:15:27,847 - INFO - Получен webhook типа: outgoingMessageStatus, данные: {'typeWebhook': 'outgoingMessageStatus', 'chatId': '77476758154@c.us', 'instanceData': {'idInstance': 7103942473, 'wid': '77075543658@c.us', 'typeInstance': 'whatsapp'}, 'timestamp': 1730722528, 'idMessage': 'BAE52EC4F4BCDDB8', 'status': 'delivered', 'sendByApi': True}
2024-11-04 15:15:27,966 - INFO - Обновлен статус сообщения: 8
2024-11-04 15:15:53,676 - INFO - Получен webhook типа: outgoingMessageStatus, данные: {'typeWebhook': 'outgoingMessageStatus', 'chatId': '77476758154@c.us', 'instanceData': {'idInstance': 7103942473, 'wid': '77075543658@c.us', 'typeInstance': 'whatsapp'}, 'timestamp': 1730722554, 'idMessage': 'BAE52EC4F4BCDDB8', 'status': 'read', 'sendByApi': True}
2024-11-04 15:15:53,818 - INFO - Обновлен статус сообщения: 9
2024-11-04 15:17:16,071 - INFO - Начинаем остановку приложения...
2024-11-04 15:40:15,272 - INFO - База данных успешно инициализирована
2024-11-04 15:40:15,272 - INFO - WhatsApp бот успешно запущен с ID: 7103942473
2024-11-04 15:40:15,287 - INFO - Приложение успешно запущено
2024-11-04 15:40:15,287 - INFO - WhatsApp бот запущен с ID: 7103942473
2024-11-04 15:40:15,638 - INFO - Аккаунт успешно перезапущен.
2024-11-04 15:40:26,613 - INFO - Получен webhook типа: incomingMessageReceived, данные: {'typeWebhook': 'incomingMessageReceived', 'instanceData': {'idInstance': 7103942473, 'wid': '77075543658@c.us', 'typeInstance': 'whatsapp'}, 'timestamp': 1730724027, 'idMessage': '78270DB8CD8DB440973B3E4A0A94703A', 'senderData': {'chatId': '77476758154@c.us', 'chatName': 'Марк', 'sender': '77476758154@c.us', 'senderName': 'Марк', 'senderContactName': 'Марк'}, 'messageData': {'typeMessage': 'textMessage', 'textMessageData': {'textMessage': 'MANAGER'}}}
2024-11-04 15:40:26,683 - ERROR - Ошибка сохранения входящего сообщения: (psycopg2.errors.UniqueViolation) duplicate key value violates unique constraint "messages_receipt_id_key"
DETAIL:  Key (receipt_id)=(1) already exists.

[SQL: INSERT INTO messages (receipt_id, is_from_client, webhook_type, sender_name, sender_chat_id, sender_contact_name, instance_wid, message_type, message_text, message_description, message_title, message_preview_type, message_thumbnail, message_url, mime_type, instance_id, instance_type, id_message, timestamp, create_at) VALUES (%(receipt_id)s, %(is_from_client)s, %(webhook_type)s, %(sender_name)s, %(sender_chat_id)s, %(sender_contact_name)s, %(instance_wid)s, %(message_type)s, %(message_text)s, %(message_description)s, %(message_title)s, %(message_preview_type)s, %(message_thumbnail)s, %(message_url)s, %(mime_type)s, %(instance_id)s, %(instance_type)s, %(id_message)s, %(timestamp)s, %(create_at)s) RETURNING messages.id]
[parameters: {'receipt_id': 1, 'is_from_client': True, 'webhook_type': 'incoming', 'sender_name': 'Марк', 'sender_chat_id': '77476758154@c.us', 'sender_contact_name': None, 'instance_wid': '77075543658@c.us', 'message_type': 'textMessage', 'message_text': 'MANAGER', 'message_description': None, 'message_title': None, 'message_preview_type': None, 'message_thumbnail': None, 'message_url': None, 'mime_type': None, 'instance_id': '7103942473', 'instance_type': 'whatsapp', 'id_message': '78270DB8CD8DB440973B3E4A0A94703A', 'timestamp': datetime.datetime(2024, 11, 4, 15, 40, 26, 613107), 'create_at': datetime.datetime(2024, 11, 4, 15, 40, 26, 613107)}]
(Background on this error at: https://sqlalche.me/e/20/gkpj)
2024-11-04 15:40:29,640 - INFO - Начинаем остановку приложения...
2024-11-04 15:40:49,585 - INFO - База данных успешно инициализирована
2024-11-04 15:40:49,587 - INFO - WhatsApp бот успешно запущен с ID: 7103942473
2024-11-04 15:40:49,588 - INFO - Приложение успешно запущено
2024-11-04 15:40:49,589 - INFO - WhatsApp бот запущен с ID: 7103942473
2024-11-04 15:40:49,940 - INFO - Аккаунт успешно перезапущен.
2024-11-04 15:41:16,718 - INFO - Получен webhook типа: incomingMessageReceived, данные: {'typeWebhook': 'incomingMessageReceived', 'instanceData': {'idInstance': 7103942473, 'wid': '77075543658@c.us', 'typeInstance': 'whatsapp'}, 'timestamp': 1730724077, 'idMessage': '59C5450EA235ABF1191D67B4037430C7', 'senderData': {'chatId': '77476758154@c.us', 'chatName': 'Марк', 'sender': '77476758154@c.us', 'senderName': 'Марк', 'senderContactName': 'Марк'}, 'messageData': {'typeMessage': 'textMessage', 'textMessageData': {'textMessage': 'MANAGER'}}}
2024-11-04 15:41:16,851 - INFO - Сохранено входящее сообщение: 1
2024-11-04 15:41:39,119 - INFO - Получен webhook типа: outgoingMessageStatus, данные: {'typeWebhook': 'outgoingMessageStatus', 'chatId': '77476758154@c.us', 'instanceData': {'idInstance': 7103942473, 'wid': '77075543658@c.us', 'typeInstance': 'whatsapp'}, 'timestamp': 1730724099, 'idMessage': '00422739915F1DFC9505DAD761A31B4B', 'status': 'sent', 'sendByApi': False}
2024-11-04 15:41:39,186 - INFO - Отправка запроса на получение текста сообщения: chat_id=77476758154@c.us, message_id=00422739915F1DFC9505DAD761A31B4B
2024-11-04 15:41:39,555 - ERROR - Ошибка при получении текста сообщения: статус 400
2024-11-04 15:41:39,655 - INFO - Сохранено исходящее сообщение из статуса: 2
2024-11-04 15:41:39,768 - INFO - Обновлен статус сообщения: 1
2024-11-04 15:41:40,456 - INFO - Получен webhook типа: outgoingMessageStatus, данные: {'typeWebhook': 'outgoingMessageStatus', 'chatId': '77476758154@c.us', 'instanceData': {'idInstance': 7103942473, 'wid': '77075543658@c.us', 'typeInstance': 'whatsapp'}, 'timestamp': 1730724100, 'idMessage': '00422739915F1DFC9505DAD761A31B4B', 'status': 'delivered', 'sendByApi': False}
2024-11-04 15:41:40,602 - INFO - Обновлен статус сообщения: 2
2024-11-04 15:41:49,623 - INFO - Получен webhook типа: outgoingMessageStatus, данные: {'typeWebhook': 'outgoingMessageStatus', 'chatId': '77476758154@c.us', 'instanceData': {'idInstance': 7103942473, 'wid': '77075543658@c.us', 'typeInstance': 'whatsapp'}, 'timestamp': 1730724110, 'idMessage': '24A79CDDC22FAF5D51132A7E830EE67F', 'status': 'sent', 'sendByApi': False}
2024-11-04 15:41:49,672 - INFO - Отправка запроса на получение текста сообщения: chat_id=77476758154@c.us, message_id=24A79CDDC22FAF5D51132A7E830EE67F
2024-11-04 15:41:50,021 - ERROR - Ошибка при получении текста сообщения: статус 400
2024-11-04 15:41:50,106 - INFO - Сохранено исходящее сообщение из статуса: 3
2024-11-04 15:41:50,217 - INFO - Обновлен статус сообщения: 3
2024-11-04 15:41:51,322 - INFO - Получен webhook типа: outgoingMessageStatus, данные: {'typeWebhook': 'outgoingMessageStatus', 'chatId': '77476758154@c.us', 'instanceData': {'idInstance': 7103942473, 'wid': '77075543658@c.us', 'typeInstance': 'whatsapp'}, 'timestamp': 1730724111, 'idMessage': '24A79CDDC22FAF5D51132A7E830EE67F', 'status': 'delivered', 'sendByApi': False}
2024-11-04 15:41:51,459 - INFO - Обновлен статус сообщения: 4
2024-11-04 15:41:55,144 - INFO - Получен webhook типа: outgoingMessageStatus, данные: {'typeWebhook': 'outgoingMessageStatus', 'chatId': '77476758154@c.us', 'instanceData': {'idInstance': 7103942473, 'wid': '77075543658@c.us', 'typeInstance': 'whatsapp'}, 'timestamp': 1730724115, 'idMessage': '11FB8719E282A7303B0CF591A13CE594', 'status': 'sent', 'sendByApi': False}
2024-11-04 15:41:55,195 - INFO - Отправка запроса на получение текста сообщения: chat_id=77476758154@c.us, message_id=11FB8719E282A7303B0CF591A13CE594
2024-11-04 15:41:55,535 - ERROR - Ошибка при получении текста сообщения: статус 400
2024-11-04 15:41:55,621 - INFO - Сохранено исходящее сообщение из статуса: 4
2024-11-04 15:41:55,723 - INFO - Обновлен статус сообщения: 5
2024-11-04 15:41:56,473 - INFO - Получен webhook типа: outgoingMessageStatus, данные: {'typeWebhook': 'outgoingMessageStatus', 'chatId': '77476758154@c.us', 'instanceData': {'idInstance': 7103942473, 'wid': '77075543658@c.us', 'typeInstance': 'whatsapp'}, 'timestamp': 1730724115, 'idMessage': '11FB8719E282A7303B0CF591A13CE594', 'status': 'delivered', 'sendByApi': False}
2024-11-04 15:41:56,624 - INFO - Обновлен статус сообщения: 6
2024-11-04 15:42:37,612 - INFO - Получен webhook типа: outgoingMessageStatus, данные: {'typeWebhook': 'outgoingMessageStatus', 'chatId': '77476758154@c.us', 'instanceData': {'idInstance': 7103942473, 'wid': '77075543658@c.us', 'typeInstance': 'whatsapp'}, 'timestamp': 1730724159, 'idMessage': '00422739915F1DFC9505DAD761A31B4B', 'status': 'read', 'sendByApi': False}
2024-11-04 15:42:37,754 - INFO - Обновлен статус сообщения: 7
2024-11-04 15:42:38,437 - INFO - Получен webhook типа: outgoingMessageStatus, данные: {'typeWebhook': 'outgoingMessageStatus', 'chatId': '77476758154@c.us', 'instanceData': {'idInstance': 7103942473, 'wid': '77075543658@c.us', 'typeInstance': 'whatsapp'}, 'timestamp': 1730724159, 'idMessage': '24A79CDDC22FAF5D51132A7E830EE67F', 'status': 'read', 'sendByApi': False}
2024-11-04 15:42:38,583 - INFO - Обновлен статус сообщения: 8
2024-11-04 15:42:39,491 - INFO - Получен webhook типа: outgoingMessageStatus, данные: {'typeWebhook': 'outgoingMessageStatus', 'chatId': '77476758154@c.us', 'instanceData': {'idInstance': 7103942473, 'wid': '77075543658@c.us', 'typeInstance': 'whatsapp'}, 'timestamp': 1730724159, 'idMessage': '11FB8719E282A7303B0CF591A13CE594', 'status': 'read', 'sendByApi': False}
2024-11-04 15:42:39,630 - INFO - Обновлен статус сообщения: 9
2024-11-04 15:42:48,831 - INFO - Получен webhook типа: incomingMessageReceived, данные: {'typeWebhook': 'incomingMessageReceived', 'instanceData': {'idInstance': 7103942473, 'wid': '77075543658@c.us', 'typeInstance': 'whatsapp'}, 'timestamp': 1730724169, 'idMessage': '3FF44E374C7A98D125C3', 'senderData': {'chatId': '77476758154@c.us', 'chatName': 'Марк', 'sender': '77476758154@c.us', 'senderName': 'Марк', 'senderContactName': 'Марк'}, 'messageData': {'typeMessage': 'extendedTextMessage', 'extendedTextMessageData': {'text': 'ок ок', 'description': '', 'title': '', 'previewType': 'None', 'jpegThumbnail': '', 'forwardingScore': 0, 'isForwarded': False}}}
2024-11-04 15:42:48,953 - INFO - Сохранено входящее сообщение: 5
2024-11-04 15:47:07,686 - INFO - Получен webhook типа: outgoingMessageStatus, данные: {'typeWebhook': 'outgoingMessageStatus', 'chatId': '77476758154@c.us', 'instanceData': {'idInstance': 7103942473, 'wid': '77075543658@c.us', 'typeInstance': 'whatsapp'}, 'timestamp': 1730724428, 'idMessage': '563ECD3A345F79ADA237279F97CD3033', 'status': 'sent', 'sendByApi': False}
2024-11-04 15:47:07,743 - INFO - Отправка запроса на получение текста сообщения: chat_id=77476758154@c.us, message_id=563ECD3A345F79ADA237279F97CD3033
2024-11-04 15:47:08,093 - ERROR - Ошибка при получении текста сообщения: статус 400
2024-11-04 15:47:08,192 - INFO - Сохранено исходящее сообщение из статуса: 6
2024-11-04 15:47:08,304 - INFO - Обновлен статус сообщения: 10
2024-11-04 15:47:09,003 - INFO - Получен webhook типа: outgoingMessageStatus, данные: {'typeWebhook': 'outgoingMessageStatus', 'chatId': '77476758154@c.us', 'instanceData': {'idInstance': 7103942473, 'wid': '77075543658@c.us', 'typeInstance': 'whatsapp'}, 'timestamp': 1730724428, 'idMessage': '563ECD3A345F79ADA237279F97CD3033', 'status': 'delivered', 'sendByApi': False}
2024-11-04 15:47:09,149 - INFO - Обновлен статус сообщения: 11
2024-11-04 15:47:23,938 - INFO - Начинаем остановку приложения...
2024-11-04 15:47:28,639 - INFO - Приложение успешно остановлено
2024-11-04 15:48:45,976 - INFO - База данных успешно инициализирована
2024-11-04 15:48:45,976 - INFO - WhatsApp бот успешно запущен с ID: 7103942473
2024-11-04 15:48:45,976 - INFO - Приложение успешно запущено
2024-11-04 15:48:45,976 - INFO - WhatsApp бот запущен с ID: 7103942473
2024-11-04 15:48:46,311 - INFO - Аккаунт успешно перезапущен.
2024-11-04 15:48:46,653 - INFO - Получен webhook типа: outgoingMessageStatus, данные: {'typeWebhook': 'outgoingMessageStatus', 'chatId': '77476758154@c.us', 'instanceData': {'idInstance': 7103942473, 'wid': '77075543658@c.us', 'typeInstance': 'whatsapp'}, 'timestamp': 1730724449, 'idMessage': '563ECD3A345F79ADA237279F97CD3033', 'status': 'read', 'sendByApi': False}
2024-11-04 15:48:46,801 - INFO - Обновлен статус сообщения: 12
2024-11-04 15:48:48,484 - INFO - Получен webhook типа: incomingMessageReceived, данные: {'typeWebhook': 'incomingMessageReceived', 'instanceData': {'idInstance': 7103942473, 'wid': '77075543658@c.us', 'typeInstance': 'whatsapp'}, 'timestamp': 1730724529, 'idMessage': '3F95B8A8D27B5241AA38', 'senderData': {'chatId': '77476758154@c.us', 'chatName': 'Марк', 'sender': '77476758154@c.us', 'senderName': 'Марк', 'senderContactName': 'Марк'}, 'messageData': {'typeMessage': 'extendedTextMessage', 'extendedTextMessageData': {'text': 'CLIENT', 'description': '', 'title': '', 'previewType': 'None', 'jpegThumbnail': '', 'forwardingScore': 0, 'isForwarded': False}}}
2024-11-04 15:48:48,606 - INFO - Сохранено входящее сообщение: 7
2024-11-04 15:48:56,646 - INFO - Получен webhook типа: outgoingMessageStatus, данные: {'typeWebhook': 'outgoingMessageStatus', 'chatId': '77476758154@c.us', 'instanceData': {'idInstance': 7103942473, 'wid': '77075543658@c.us', 'typeInstance': 'whatsapp'}, 'timestamp': 1730724537, 'idMessage': '8BDE20AAF7626DA7C1611B2CDE0C3F75', 'status': 'sent', 'sendByApi': False}
2024-11-04 15:48:56,693 - INFO - Отправка запроса на получение текста сообщения: chat_id=77476758154@c.us, message_id=8BDE20AAF7626DA7C1611B2CDE0C3F75
2024-11-04 15:48:57,058 - ERROR - Ошибка при получении текста сообщения: статус 400
2024-11-04 15:48:57,156 - INFO - Сохранено исходящее сообщение из статуса: 8
2024-11-04 15:48:57,238 - INFO - Обновлен статус сообщения: 13
2024-11-04 15:48:57,965 - INFO - Получен webhook типа: outgoingMessageStatus, данные: {'typeWebhook': 'outgoingMessageStatus', 'chatId': '77476758154@c.us', 'instanceData': {'idInstance': 7103942473, 'wid': '77075543658@c.us', 'typeInstance': 'whatsapp'}, 'timestamp': 1730724537, 'idMessage': '8BDE20AAF7626DA7C1611B2CDE0C3F75', 'status': 'delivered', 'sendByApi': False}
2024-11-04 15:48:58,090 - INFO - Обновлен статус сообщения: 14
2024-11-04 15:48:58,786 - INFO - Получен webhook типа: outgoingMessageStatus, данные: {'typeWebhook': 'outgoingMessageStatus', 'chatId': '77476758154@c.us', 'instanceData': {'idInstance': 7103942473, 'wid': '77075543658@c.us', 'typeInstance': 'whatsapp'}, 'timestamp': 1730724537, 'idMessage': '8BDE20AAF7626DA7C1611B2CDE0C3F75', 'status': 'read', 'sendByApi': False}
2024-11-04 15:48:58,922 - INFO - Обновлен статус сообщения: 15
2024-11-04 15:49:05,995 - INFO - Получен webhook типа: outgoingMessageStatus, данные: {'typeWebhook': 'outgoingMessageStatus', 'chatId': '77476758154@c.us', 'instanceData': {'idInstance': 7103942473, 'wid': '77075543658@c.us', 'typeInstance': 'whatsapp'}, 'timestamp': 1730724546, 'idMessage': 'BAE577D260DC4ACF', 'status': 'sent', 'sendByApi': True}
2024-11-04 15:49:06,026 - INFO - Отправка запроса на получение текста сообщения: chat_id=77476758154@c.us, message_id=BAE577D260DC4ACF
2024-11-04 15:49:06,472 - INFO - Сохранено исходящее сообщение из статуса: 9
2024-11-04 15:49:06,554 - INFO - Обновлен статус сообщения: 16
2024-11-04 15:49:07,459 - INFO - Получен webhook типа: outgoingMessageStatus, данные: {'typeWebhook': 'outgoingMessageStatus', 'chatId': '77476758154@c.us', 'instanceData': {'idInstance': 7103942473, 'wid': '77075543658@c.us', 'typeInstance': 'whatsapp'}, 'timestamp': 1730724547, 'idMessage': 'BAE577D260DC4ACF', 'status': 'delivered', 'sendByApi': True}
2024-11-04 15:49:07,575 - INFO - Обновлен статус сообщения: 17
2024-11-04 15:53:21,103 - INFO - Начинаем остановку приложения...
2024-11-04 15:53:23,310 - INFO - Приложение успешно остановлено
2024-11-04 17:48:18,822 - INFO - База данных успешно инициализирована
2024-11-04 17:48:18,822 - INFO - WhatsApp бот успешно запущен с ID: 7103942473
2024-11-04 17:48:18,822 - INFO - Приложение успешно запущено
2024-11-04 17:48:18,822 - INFO - WhatsApp бот запущен с ID: 7103942473
2024-11-04 17:48:19,315 - INFO - Аккаунт успешно перезапущен.
2024-11-04 17:48:24,683 - INFO - Получен webhook типа: outgoingMessageStatus, данные: {'typeWebhook': 'outgoingMessageStatus', 'chatId': '77476758154@c.us', 'instanceData': {'idInstance': 7103942473, 'wid': '77075543658@c.us', 'typeInstance': 'whatsapp'}, 'timestamp': 1730731706, 'idMessage': '0081D8DA15C4CEEC9314FD5587F31B0C', 'status': 'sent', 'sendByApi': False}
2024-11-04 17:48:24,747 - INFO - Отправка запроса на получение текста сообщения: chat_id=77476758154@c.us, message_id=0081D8DA15C4CEEC9314FD5587F31B0C
2024-11-04 17:48:25,102 - ERROR - Ошибка при получении текста сообщения: статус 400
2024-11-04 17:48:25,211 - INFO - Сохранено исходящее сообщение из статуса: 10
2024-11-04 17:48:25,345 - INFO - Обновлен статус сообщения: 18
2024-11-04 17:48:26,065 - INFO - Получен webhook типа: outgoingMessageStatus, данные: {'typeWebhook': 'outgoingMessageStatus', 'chatId': '77476758154@c.us', 'instanceData': {'idInstance': 7103942473, 'wid': '77075543658@c.us', 'typeInstance': 'whatsapp'}, 'timestamp': 1730731706, 'idMessage': '0081D8DA15C4CEEC9314FD5587F31B0C', 'status': 'delivered', 'sendByApi': False}
2024-11-04 17:48:26,244 - INFO - Обновлен статус сообщения: 19
2024-11-04 17:48:30,937 - INFO - Получен webhook типа: outgoingMessageStatus, данные: {'typeWebhook': 'outgoingMessageStatus', 'chatId': '77476758154@c.us', 'instanceData': {'idInstance': 7103942473, 'wid': '77075543658@c.us', 'typeInstance': 'whatsapp'}, 'timestamp': 1730731711, 'idMessage': 'BAE577D260DC4ACF', 'status': 'read', 'sendByApi': True}
2024-11-04 17:48:31,114 - INFO - Обновлен статус сообщения: 20
2024-11-04 17:48:31,813 - INFO - Получен webhook типа: outgoingMessageStatus, данные: {'typeWebhook': 'outgoingMessageStatus', 'chatId': '77476758154@c.us', 'instanceData': {'idInstance': 7103942473, 'wid': '77075543658@c.us', 'typeInstance': 'whatsapp'}, 'timestamp': 1730731711, 'idMessage': '0081D8DA15C4CEEC9314FD5587F31B0C', 'status': 'read', 'sendByApi': False}
2024-11-04 17:48:31,991 - INFO - Обновлен статус сообщения: 21
2024-11-04 17:48:35,700 - INFO - Получен webhook типа: incomingMessageReceived, данные: {'typeWebhook': 'incomingMessageReceived', 'instanceData': {'idInstance': 7103942473, 'wid': '77075543658@c.us', 'typeInstance': 'whatsapp'}, 'timestamp': 1730731716, 'idMessage': '3FDB5FA5FB401A1F9437', 'senderData': {'chatId': '77476758154@c.us', 'chatName': 'Марк', 'sender': '77476758154@c.us', 'senderName': 'Марк', 'senderContactName': 'Марк'}, 'messageData': {'typeMessage': 'extendedTextMessage', 'extendedTextMessageData': {'text': 'С ПК', 'description': '', 'title': '', 'previewType': 'None', 'jpegThumbnail': '', 'forwardingScore': 0, 'isForwarded': False}}}
2024-11-04 17:48:35,779 - ERROR - Ошибка сохранения входящего сообщения: (psycopg2.errors.UniqueViolation) duplicate key value violates unique constraint "messages_receipt_id_key"
DETAIL:  Key (receipt_id)=(5) already exists.

[SQL: INSERT INTO messages (receipt_id, is_from_client, webhook_type, sender_name, sender_chat_id, sender_contact_name, instance_wid, message_type, message_text, message_description, message_title, message_preview_type, message_thumbnail, message_url, mime_type, instance_id, instance_type, id_message, timestamp, create_at) VALUES (%(receipt_id)s, %(is_from_client)s, %(webhook_type)s, %(sender_name)s, %(sender_chat_id)s, %(sender_contact_name)s, %(instance_wid)s, %(message_type)s, %(message_text)s, %(message_description)s, %(message_title)s, %(message_preview_type)s, %(message_thumbnail)s, %(message_url)s, %(mime_type)s, %(instance_id)s, %(instance_type)s, %(id_message)s, %(timestamp)s, %(create_at)s) RETURNING messages.id]
[parameters: {'receipt_id': 5, 'is_from_client': True, 'webhook_type': 'incoming', 'sender_name': 'Марк', 'sender_chat_id': '77476758154@c.us', 'sender_contact_name': None, 'instance_wid': '77075543658@c.us', 'message_type': 'extendedTextMessage', 'message_text': 'С ПК', 'message_description': None, 'message_title': None, 'message_preview_type': None, 'message_thumbnail': None, 'message_url': '', 'mime_type': None, 'instance_id': '7103942473', 'instance_type': 'whatsapp', 'id_message': '3FDB5FA5FB401A1F9437', 'timestamp': datetime.datetime(2024, 11, 4, 17, 48, 35, 704163), 'create_at': datetime.datetime(2024, 11, 4, 17, 48, 35, 704163)}]
(Background on this error at: https://sqlalche.me/e/20/gkpj)
2024-11-04 17:48:44,822 - INFO - Получен webhook типа: outgoingMessageStatus, данные: {'typeWebhook': 'outgoingMessageStatus', 'chatId': '77476758154@c.us', 'instanceData': {'idInstance': 7103942473, 'wid': '77075543658@c.us', 'typeInstance': 'whatsapp'}, 'timestamp': 1730731725, 'idMessage': 'BAE5F5627F6E54A9', 'status': 'sent', 'sendByApi': True}
2024-11-04 17:48:44,880 - INFO - Отправка запроса на получение текста сообщения: chat_id=77476758154@c.us, message_id=BAE5F5627F6E54A9
2024-11-04 17:48:45,355 - INFO - Сохранено исходящее сообщение из статуса: 12
2024-11-04 17:48:45,466 - INFO - Обновлен статус сообщения: 22
2024-11-04 17:48:46,362 - INFO - Получен webhook типа: outgoingMessageStatus, данные: {'typeWebhook': 'outgoingMessageStatus', 'chatId': '77476758154@c.us', 'instanceData': {'idInstance': 7103942473, 'wid': '77075543658@c.us', 'typeInstance': 'whatsapp'}, 'timestamp': 1730731726, 'idMessage': 'BAE5F5627F6E54A9', 'status': 'delivered', 'sendByApi': True}
2024-11-04 17:48:46,528 - INFO - Обновлен статус сообщения: 23
2024-11-04 17:50:27,890 - INFO - Начинаем остановку приложения...
2024-11-04 17:50:32,357 - INFO - База данных успешно инициализирована
2024-11-04 17:50:32,357 - INFO - WhatsApp бот успешно запущен с ID: 7103942473
2024-11-04 17:50:32,357 - INFO - Приложение успешно запущено
2024-11-04 17:50:32,357 - INFO - WhatsApp бот запущен с ID: 7103942473
2024-11-04 17:50:32,719 - INFO - Аккаунт успешно перезапущен.
2024-11-04 17:50:34,092 - INFO - Получен webhook типа: outgoingMessageStatus, данные: {'typeWebhook': 'outgoingMessageStatus', 'chatId': '77476758154@c.us', 'instanceData': {'idInstance': 7103942473, 'wid': '77075543658@c.us', 'typeInstance': 'whatsapp'}, 'timestamp': 1730731835, 'idMessage': 'BAE5F5627F6E54A9', 'status': 'read', 'sendByApi': True}
2024-11-04 17:50:34,252 - INFO - Обновлен статус сообщения: 24
2024-11-04 17:50:38,960 - INFO - Получен webhook типа: incomingMessageReceived, данные: {'typeWebhook': 'incomingMessageReceived', 'instanceData': {'idInstance': 7103942473, 'wid': '77075543658@c.us', 'typeInstance': 'whatsapp'}, 'timestamp': 1730731840, 'idMessage': '3FC57D850550F5B77939', 'senderData': {'chatId': '77476758154@c.us', 'chatName': 'Марк', 'sender': '77476758154@c.us', 'senderName': 'Марк', 'senderContactName': 'Марк'}, 'messageData': {'typeMessage': 'extendedTextMessage', 'extendedTextMessageData': {'text': 'С ПК', 'description': '', 'title': '', 'previewType': 'None', 'jpegThumbnail': '', 'forwardingScore': 0, 'isForwarded': False}}}
2024-11-04 17:50:39,112 - INFO - Сохранено входящее сообщение: 13
2024-11-04 17:50:44,963 - INFO - Получен webhook типа: outgoingMessageReceived, данные: {'typeWebhook': 'outgoingMessageReceived', 'instanceData': {'idInstance': 7103942473, 'wid': '77075543658@c.us', 'typeInstance': 'whatsapp'}, 'timestamp': 1730731845, 'idMessage': 'FD2FC637172E0576D010A2971C122D4B', 'senderData': {'chatId': '77476758154@c.us', 'chatName': 'Марк', 'sender': '77075543658@c.us', 'senderName': 'Tenax', 'senderContactName': ''}, 'messageData': {'typeMessage': 'textMessage', 'textMessageData': {'textMessage': 'С ТЕЛЕФОНА'}}}
2024-11-04 17:50:46,025 - INFO - Получен webhook типа: outgoingMessageStatus, данные: {'typeWebhook': 'outgoingMessageStatus', 'chatId': '77476758154@c.us', 'instanceData': {'idInstance': 7103942473, 'wid': '77075543658@c.us', 'typeInstance': 'whatsapp'}, 'timestamp': 1730731846, 'idMessage': 'FD2FC637172E0576D010A2971C122D4B', 'status': 'sent', 'sendByApi': False}
2024-11-04 17:50:46,075 - INFO - Отправка запроса на получение текста сообщения: chat_id=77476758154@c.us, message_id=FD2FC637172E0576D010A2971C122D4B
2024-11-04 17:50:46,518 - INFO - Сохранено исходящее сообщение из статуса: 14
2024-11-04 17:50:46,624 - INFO - Обновлен статус сообщения: 25
2024-11-04 17:50:47,340 - INFO - Получен webhook типа: outgoingMessageStatus, данные: {'typeWebhook': 'outgoingMessageStatus', 'chatId': '77476758154@c.us', 'instanceData': {'idInstance': 7103942473, 'wid': '77075543658@c.us', 'typeInstance': 'whatsapp'}, 'timestamp': 1730731846, 'idMessage': 'FD2FC637172E0576D010A2971C122D4B', 'status': 'delivered', 'sendByApi': False}
2024-11-04 17:50:47,472 - INFO - Обновлен статус сообщения: 26
2024-11-04 17:50:48,174 - INFO - Получен webhook типа: outgoingMessageStatus, данные: {'typeWebhook': 'outgoingMessageStatus', 'chatId': '77476758154@c.us', 'instanceData': {'idInstance': 7103942473, 'wid': '77075543658@c.us', 'typeInstance': 'whatsapp'}, 'timestamp': 1730731846, 'idMessage': 'FD2FC637172E0576D010A2971C122D4B', 'status': 'read', 'sendByApi': False}
2024-11-04 17:50:48,321 - INFO - Обновлен статус сообщения: 27
2024-11-04 17:51:32,069 - INFO - Получен webhook типа: outgoingAPIMessageReceived, данные: {'typeWebhook': 'outgoingAPIMessageReceived', 'instanceData': {'idInstance': 7103942473, 'wid': '77075543658@c.us', 'typeInstance': 'whatsapp'}, 'timestamp': 1730731893, 'idMessage': 'BAE5A6C2E2AC5B3B', 'senderData': {'chatId': '77476758154@c.us', 'chatName': 'Марк', 'sender': '77075543658@c.us', 'senderName': '', 'senderContactName': ''}, 'messageData': {'typeMessage': 'extendedTextMessage', 'extendedTextMessageData': {'text': 'C API', 'description': '', 'title': '', 'previewType': 'None', 'jpegThumbnail': '', 'forwardingScore': 0, 'isForwarded': False}}}
2024-11-04 17:51:32,146 - ERROR - Ошибка сохранения исходящего сообщения: (psycopg2.errors.NotNullViolation) null value in column "receipt_id" of relation "messages" violates not-null constraint
DETAIL:  Failing row contains (15, null, f, outgoing, null, null, null, 77075543658@c.us, extendedTextMessage, , null, null, null, null, null, null, 7103942473, whatsapp, BAE5A6C2E2AC5B3B, 2024-11-04 17:51:33, 2024-11-04 17:51:32.072721).

[SQL: INSERT INTO messages (receipt_id, is_from_client, webhook_type, sender_name, sender_chat_id, sender_contact_name, instance_wid, message_type, message_text, message_description, message_title, message_preview_type, message_thumbnail, message_url, mime_type, instance_id, instance_type, id_message, timestamp, create_at) VALUES (%(receipt_id)s, %(is_from_client)s, %(webhook_type)s, %(sender_name)s, %(sender_chat_id)s, %(sender_contact_name)s, %(instance_wid)s, %(message_type)s, %(message_text)s, %(message_description)s, %(message_title)s, %(message_preview_type)s, %(message_thumbnail)s, %(message_url)s, %(mime_type)s, %(instance_id)s, %(instance_type)s, %(id_message)s, %(timestamp)s, %(create_at)s) RETURNING messages.id]
[parameters: {'receipt_id': None, 'is_from_client': False, 'webhook_type': 'outgoing', 'sender_name': None, 'sender_chat_id': None, 'sender_contact_name': None, 'instance_wid': '77075543658@c.us', 'message_type': 'extendedTextMessage', 'message_text': '', 'message_description': None, 'message_title': None, 'message_preview_type': None, 'message_thumbnail': None, 'message_url': None, 'mime_type': None, 'instance_id': 7103942473, 'instance_type': 'whatsapp', 'id_message': 'BAE5A6C2E2AC5B3B', 'timestamp': datetime.datetime(2024, 11, 4, 17, 51, 33), 'create_at': datetime.datetime(2024, 11, 4, 17, 51, 32, 72721)}]
(Background on this error at: https://sqlalche.me/e/20/gkpj)
2024-11-04 17:51:32,839 - INFO - Получен webhook типа: outgoingMessageStatus, данные: {'typeWebhook': 'outgoingMessageStatus', 'chatId': '77476758154@c.us', 'instanceData': {'idInstance': 7103942473, 'wid': '77075543658@c.us', 'typeInstance': 'whatsapp'}, 'timestamp': 1730731893, 'idMessage': 'BAE5A6C2E2AC5B3B', 'status': 'sent', 'sendByApi': True}
2024-11-04 17:51:32,889 - INFO - Отправка запроса на получение текста сообщения: chat_id=77476758154@c.us, message_id=BAE5A6C2E2AC5B3B
2024-11-04 17:51:33,337 - INFO - Сохранено исходящее сообщение из статуса: 16
2024-11-04 17:51:33,446 - INFO - Обновлен статус сообщения: 28
2024-11-04 17:51:34,288 - INFO - Получен webhook типа: outgoingMessageStatus, данные: {'typeWebhook': 'outgoingMessageStatus', 'chatId': '77476758154@c.us', 'instanceData': {'idInstance': 7103942473, 'wid': '77075543658@c.us', 'typeInstance': 'whatsapp'}, 'timestamp': 1730731893, 'idMessage': 'BAE5A6C2E2AC5B3B', 'status': 'delivered', 'sendByApi': True}
2024-11-04 17:51:34,438 - INFO - Обновлен статус сообщения: 29
2024-11-04 17:52:22,048 - INFO - Начинаем остановку приложения...
2024-11-04 17:53:21,267 - INFO - База данных успешно инициализирована
2024-11-04 17:53:21,269 - INFO - WhatsApp бот успешно запущен с ID: 7103942473
2024-11-04 17:53:21,270 - INFO - Приложение успешно запущено
2024-11-04 17:53:21,271 - INFO - WhatsApp бот запущен с ID: 7103942473
2024-11-04 17:53:21,617 - INFO - Аккаунт успешно перезапущен.
2024-11-04 17:54:49,937 - INFO - Получен webhook типа: outgoingMessageStatus, данные: {'typeWebhook': 'outgoingMessageStatus', 'chatId': '77476758154@c.us', 'instanceData': {'idInstance': 7103942473, 'wid': '77075543658@c.us', 'typeInstance': 'whatsapp'}, 'timestamp': 1730732090, 'idMessage': 'BAE5A6C2E2AC5B3B', 'status': 'read', 'sendByApi': True}
2024-11-04 17:54:49,988 - INFO - Отправка запроса на получение текста сообщения: chat_id=77476758154@c.us, message_id=BAE5A6C2E2AC5B3B
2024-11-04 17:54:50,469 - INFO - Сохранено исходящее сообщение из статуса: 1
2024-11-04 17:54:50,574 - INFO - Обновлен статус сообщения: 1
2024-11-04 17:55:03,997 - INFO - Получен webhook типа: incomingMessageReceived, данные: {'typeWebhook': 'incomingMessageReceived', 'instanceData': {'idInstance': 7103942473, 'wid': '77075543658@c.us', 'typeInstance': 'whatsapp'}, 'timestamp': 1730732104, 'idMessage': '3FA8FD6BEE61C30F4B64', 'senderData': {'chatId': '77476758154@c.us', 'chatName': 'Марк', 'sender': '77476758154@c.us', 'senderName': 'Марк', 'senderContactName': 'Марк'}, 'messageData': {'typeMessage': 'extendedTextMessage', 'extendedTextMessageData': {'text': 'Здравствуйте, хочу купить мяса', 'description': '', 'title': '', 'previewType': 'None', 'jpegThumbnail': '', 'forwardingScore': 0, 'isForwarded': False}}}
2024-11-04 17:55:04,121 - INFO - Сохранено входящее сообщение: 2
2024-11-04 17:55:11,220 - INFO - Получен webhook типа: outgoingMessageReceived, данные: {'typeWebhook': 'outgoingMessageReceived', 'instanceData': {'idInstance': 7103942473, 'wid': '77075543658@c.us', 'typeInstance': 'whatsapp'}, 'timestamp': 1730732112, 'idMessage': '48E7EA0BD1C8DA96FC5C076E50D34C24', 'senderData': {'chatId': '77476758154@c.us', 'chatName': 'Марк', 'sender': '77075543658@c.us', 'senderName': 'Tenax', 'senderContactName': ''}, 'messageData': {'typeMessage': 'textMessage', 'textMessageData': {'textMessage': 'круто и че'}}}
2024-11-04 17:55:12,330 - INFO - Получен webhook типа: outgoingMessageStatus, данные: {'typeWebhook': 'outgoingMessageStatus', 'chatId': '77476758154@c.us', 'instanceData': {'idInstance': 7103942473, 'wid': '77075543658@c.us', 'typeInstance': 'whatsapp'}, 'timestamp': 1730732112, 'idMessage': '48E7EA0BD1C8DA96FC5C076E50D34C24', 'status': 'sent', 'sendByApi': False}
2024-11-04 17:55:12,383 - INFO - Отправка запроса на получение текста сообщения: chat_id=77476758154@c.us, message_id=48E7EA0BD1C8DA96FC5C076E50D34C24
2024-11-04 17:55:12,845 - INFO - Сохранено исходящее сообщение из статуса: 3
2024-11-04 17:55:12,946 - INFO - Обновлен статус сообщения: 2
2024-11-04 17:55:13,856 - INFO - Получен webhook типа: outgoingMessageStatus, данные: {'typeWebhook': 'outgoingMessageStatus', 'chatId': '77476758154@c.us', 'instanceData': {'idInstance': 7103942473, 'wid': '77075543658@c.us', 'typeInstance': 'whatsapp'}, 'timestamp': 1730732112, 'idMessage': '48E7EA0BD1C8DA96FC5C076E50D34C24', 'status': 'read', 'sendByApi': False}
2024-11-04 17:55:13,997 - INFO - Обновлен статус сообщения: 3
2024-11-04 17:55:14,736 - INFO - Получен webhook типа: outgoingMessageStatus, данные: {'typeWebhook': 'outgoingMessageStatus', 'chatId': '77476758154@c.us', 'instanceData': {'idInstance': 7103942473, 'wid': '77075543658@c.us', 'typeInstance': 'whatsapp'}, 'timestamp': 1730732112, 'idMessage': '48E7EA0BD1C8DA96FC5C076E50D34C24', 'status': 'delivered', 'sendByApi': False}
2024-11-04 17:55:14,881 - INFO - Обновлен статус сообщения: 4
2024-11-04 17:56:07,838 - INFO - Начинаем остановку приложения...
2024-11-04 17:57:19,162 - INFO - База данных успешно инициализирована
2024-11-04 17:57:19,162 - INFO - WhatsApp бот успешно запущен с ID: 7103942473
2024-11-04 17:57:19,162 - INFO - Приложение успешно запущено
2024-11-04 17:57:19,162 - INFO - WhatsApp бот запущен с ID: 7103942473
2024-11-04 17:57:19,521 - INFO - Аккаунт успешно перезапущен.
2024-11-04 17:58:22,190 - INFO - Получен webhook типа: incomingMessageReceived, данные: {'typeWebhook': 'incomingMessageReceived', 'instanceData': {'idInstance': 7103942473, 'wid': '77075543658@c.us', 'typeInstance': 'whatsapp'}, 'timestamp': 1730732303, 'idMessage': '3FB6D510A198B31D89C7', 'senderData': {'chatId': '77476758154@c.us', 'chatName': 'Марк', 'sender': '77476758154@c.us', 'senderName': 'Марк', 'senderContactName': 'Марк'}, 'messageData': {'typeMessage': 'extendedTextMessage', 'extendedTextMessageData': {'text': 'Здравствуйте, хочу купить 12кг мороженного', 'description': '', 'title': '', 'previewType': 'None', 'jpegThumbnail': '', 'forwardingScore': 0, 'isForwarded': False}}}
2024-11-04 17:58:22,336 - INFO - Сохранено входящее сообщение: 1
2024-11-04 17:58:41,690 - INFO - Получен webhook типа: outgoingMessageReceived, данные: {'typeWebhook': 'outgoingMessageReceived', 'instanceData': {'idInstance': 7103942473, 'wid': '77075543658@c.us', 'typeInstance': 'whatsapp'}, 'timestamp': 1730732322, 'idMessage': '1D7CAED76C87208880CD4A7CC1442AAD', 'senderData': {'chatId': '77476758154@c.us', 'chatName': 'Марк', 'sender': '77075543658@c.us', 'senderName': 'Tenax', 'senderContactName': ''}, 'messageData': {'typeMessage': 'textMessage', 'textMessageData': {'textMessage': 'только 5кг осталось'}}}
2024-11-04 17:58:42,354 - INFO - Получен webhook типа: outgoingMessageStatus, данные: {'typeWebhook': 'outgoingMessageStatus', 'chatId': '77476758154@c.us', 'instanceData': {'idInstance': 7103942473, 'wid': '77075543658@c.us', 'typeInstance': 'whatsapp'}, 'timestamp': 1730732322, 'idMessage': '1D7CAED76C87208880CD4A7CC1442AAD', 'status': 'sent', 'sendByApi': False}
2024-11-04 17:58:42,405 - INFO - Отправка запроса на получение текста сообщения: chat_id=77476758154@c.us, message_id=1D7CAED76C87208880CD4A7CC1442AAD
2024-11-04 17:58:42,880 - INFO - Сохранено исходящее сообщение из статуса: 2
2024-11-04 17:58:42,998 - INFO - Обновлен статус сообщения: 1
2024-11-04 17:58:43,702 - INFO - Получен webhook типа: outgoingMessageStatus, данные: {'typeWebhook': 'outgoingMessageStatus', 'chatId': '77476758154@c.us', 'instanceData': {'idInstance': 7103942473, 'wid': '77075543658@c.us', 'typeInstance': 'whatsapp'}, 'timestamp': 1730732323, 'idMessage': '1D7CAED76C87208880CD4A7CC1442AAD', 'status': 'delivered', 'sendByApi': False}
2024-11-04 17:58:43,875 - INFO - Обновлен статус сообщения: 2
2024-11-04 18:00:48,000 - INFO - Начинаем остановку приложения...
2024-11-04 18:00:49,855 - INFO - Приложение успешно остановлено
2024-11-04 18:00:53,667 - INFO - База данных успешно инициализирована
2024-11-04 18:00:53,668 - INFO - WhatsApp бот успешно запущен с ID: 7103942473
2024-11-04 18:00:53,668 - INFO - Приложение успешно запущено
2024-11-04 18:00:53,670 - INFO - WhatsApp бот запущен с ID: 7103942473
2024-11-04 18:00:54,184 - INFO - Аккаунт успешно перезапущен.
2024-11-04 18:01:08,248 - INFO - Получен webhook типа: outgoingMessageReceived, данные: {'typeWebhook': 'outgoingMessageReceived', 'instanceData': {'idInstance': 7103942473, 'wid': '77075543658@c.us', 'typeInstance': 'whatsapp'}, 'timestamp': 1730732468, 'idMessage': '589B834CD40C71DE0C2E4BA8508EA830', 'senderData': {'chatId': '77476758154@c.us', 'chatName': 'Марк', 'sender': '77075543658@c.us', 'senderName': 'Tenax', 'senderContactName': ''}, 'messageData': {'typeMessage': 'textMessage', 'textMessageData': {'textMessage': 'пломбир или чоколад'}}}
2024-11-04 18:01:09,166 - INFO - Получен webhook типа: outgoingMessageStatus, данные: {'typeWebhook': 'outgoingMessageStatus', 'chatId': '77476758154@c.us', 'instanceData': {'idInstance': 7103942473, 'wid': '77075543658@c.us', 'typeInstance': 'whatsapp'}, 'timestamp': 1730732468, 'idMessage': '589B834CD40C71DE0C2E4BA8508EA830', 'status': 'sent', 'sendByApi': False}
2024-11-04 18:01:09,226 - INFO - Отправка запроса на получение текста сообщения: chat_id=77476758154@c.us, message_id=589B834CD40C71DE0C2E4BA8508EA830
2024-11-04 18:01:09,580 - INFO - Полученные данные={'type': 'outgoing', 'idMessage': '589B834CD40C71DE0C2E4BA8508EA830', 'timestamp': 1730732468, 'typeMessage': 'textMessage', 'chatId': '77476758154@c.us', 'textMessage': 'пломбир или чоколад', 'statusMessage': 'delivered', 'sendByApi': False}
2024-11-04 18:01:09,676 - INFO - Сохранено исходящее сообщение из статуса: 3
2024-11-04 18:01:09,783 - INFO - Обновлен статус сообщения: 3
2024-11-04 18:01:10,500 - INFO - Получен webhook типа: outgoingMessageStatus, данные: {'typeWebhook': 'outgoingMessageStatus', 'chatId': '77476758154@c.us', 'instanceData': {'idInstance': 7103942473, 'wid': '77075543658@c.us', 'typeInstance': 'whatsapp'}, 'timestamp': 1730732469, 'idMessage': '589B834CD40C71DE0C2E4BA8508EA830', 'status': 'delivered', 'sendByApi': False}
2024-11-04 18:01:10,631 - INFO - Обновлен статус сообщения: 4
2024-11-04 18:01:30,099 - INFO - Начинаем остановку приложения...
2024-11-04 18:01:30,216 - INFO - Приложение успешно остановлено
2024-11-04 18:01:34,406 - INFO - База данных успешно инициализирована
2024-11-04 18:01:34,406 - INFO - WhatsApp бот успешно запущен с ID: 7103942473
2024-11-04 18:01:34,406 - INFO - Приложение успешно запущено
2024-11-04 18:01:34,406 - INFO - WhatsApp бот запущен с ID: 7103942473
2024-11-04 18:01:34,760 - INFO - Аккаунт успешно перезапущен.
2024-11-04 18:01:39,097 - INFO - Получен webhook типа: outgoingMessageReceived, данные: {'typeWebhook': 'outgoingMessageReceived', 'instanceData': {'idInstance': 7103942473, 'wid': '77075543658@c.us', 'typeInstance': 'whatsapp'}, 'timestamp': 1730732500, 'idMessage': '94CB4401BF14B43FB9F3D95BC71DA0AF', 'senderData': {'chatId': '77476758154@c.us', 'chatName': 'Марк', 'sender': '77075543658@c.us', 'senderName': 'Tenax', 'senderContactName': ''}, 'messageData': {'typeMessage': 'textMessage', 'textMessageData': {'textMessage': 'ау'}}}
2024-11-04 18:01:39,780 - INFO - Получен webhook типа: outgoingMessageStatus, данные: {'typeWebhook': 'outgoingMessageStatus', 'chatId': '77476758154@c.us', 'instanceData': {'idInstance': 7103942473, 'wid': '77075543658@c.us', 'typeInstance': 'whatsapp'}, 'timestamp': 1730732500, 'idMessage': '94CB4401BF14B43FB9F3D95BC71DA0AF', 'status': 'sent', 'sendByApi': False}
2024-11-04 18:01:39,855 - INFO - Отправка запроса на получение текста сообщения: chat_id=77476758154@c.us, message_id=94CB4401BF14B43FB9F3D95BC71DA0AF
2024-11-04 18:01:40,209 - INFO - Полученные данные={'type': 'outgoing', 'idMessage': '94CB4401BF14B43FB9F3D95BC71DA0AF', 'timestamp': 1730732500, 'typeMessage': 'textMessage', 'chatId': '77476758154@c.us', 'textMessage': 'ау', 'statusMessage': 'delivered', 'sendByApi': False}
2024-11-04 18:01:40,339 - INFO - Сохранено исходящее сообщение из статуса: 4
2024-11-04 18:01:40,460 - INFO - Обновлен статус сообщения: 5
2024-11-04 18:01:41,167 - INFO - Получен webhook типа: outgoingMessageStatus, данные: {'typeWebhook': 'outgoingMessageStatus', 'chatId': '77476758154@c.us', 'instanceData': {'idInstance': 7103942473, 'wid': '77075543658@c.us', 'typeInstance': 'whatsapp'}, 'timestamp': 1730732501, 'idMessage': '94CB4401BF14B43FB9F3D95BC71DA0AF', 'status': 'delivered', 'sendByApi': False}
2024-11-04 18:01:41,334 - INFO - Обновлен статус сообщения: 6
2024-11-04 18:01:53,367 - INFO - Получен webhook типа: outgoingMessageReceived, данные: {'typeWebhook': 'outgoingMessageReceived', 'instanceData': {'idInstance': 7103942473, 'wid': '77075543658@c.us', 'typeInstance': 'whatsapp'}, 'timestamp': 1730732514, 'idMessage': '17DB93EF224ECE46EADC4B5C3976EBAE', 'senderData': {'chatId': '77476758154@c.us', 'chatName': 'Марк', 'sender': '77075543658@c.us', 'senderName': 'Tenax', 'senderContactName': ''}, 'messageData': {'typeMessage': 'textMessage', 'textMessageData': {'textMessage': 'менеджер'}}}
2024-11-04 18:01:54,040 - INFO - Получен webhook типа: outgoingMessageStatus, данные: {'typeWebhook': 'outgoingMessageStatus', 'chatId': '77476758154@c.us', 'instanceData': {'idInstance': 7103942473, 'wid': '77075543658@c.us', 'typeInstance': 'whatsapp'}, 'timestamp': 1730732515, 'idMessage': '17DB93EF224ECE46EADC4B5C3976EBAE', 'status': 'sent', 'sendByApi': False}
2024-11-04 18:01:54,097 - INFO - Отправка запроса на получение текста сообщения: chat_id=77476758154@c.us, message_id=17DB93EF224ECE46EADC4B5C3976EBAE
2024-11-04 18:01:54,916 - INFO - Полученные данные={'type': 'outgoing', 'idMessage': '17DB93EF224ECE46EADC4B5C3976EBAE', 'timestamp': 1730732514, 'typeMessage': 'textMessage', 'chatId': '77476758154@c.us', 'textMessage': 'менеджер', 'statusMessage': 'delivered', 'sendByApi': False}
2024-11-04 18:01:55,035 - INFO - Сохранено исходящее сообщение из статуса: 5
2024-11-04 18:01:55,151 - INFO - Обновлен статус сообщения: 7
2024-11-04 18:01:56,081 - INFO - Получен webhook типа: outgoingMessageStatus, данные: {'typeWebhook': 'outgoingMessageStatus', 'chatId': '77476758154@c.us', 'instanceData': {'idInstance': 7103942473, 'wid': '77075543658@c.us', 'typeInstance': 'whatsapp'}, 'timestamp': 1730732515, 'idMessage': '17DB93EF224ECE46EADC4B5C3976EBAE', 'status': 'delivered', 'sendByApi': False}
2024-11-04 18:01:56,255 - INFO - Обновлен статус сообщения: 8
2024-11-04 18:02:06,307 - INFO - Получен webhook типа: outgoingMessageStatus, данные: {'typeWebhook': 'outgoingMessageStatus', 'chatId': '77476758154@c.us', 'instanceData': {'idInstance': 7103942473, 'wid': '77075543658@c.us', 'typeInstance': 'whatsapp'}, 'timestamp': 1730732527, 'idMessage': '1D7CAED76C87208880CD4A7CC1442AAD', 'status': 'read', 'sendByApi': False}
2024-11-04 18:02:06,488 - INFO - Обновлен статус сообщения: 9
2024-11-04 18:02:07,426 - INFO - Получен webhook типа: outgoingMessageStatus, данные: {'typeWebhook': 'outgoingMessageStatus', 'chatId': '77476758154@c.us', 'instanceData': {'idInstance': 7103942473, 'wid': '77075543658@c.us', 'typeInstance': 'whatsapp'}, 'timestamp': 1730732527, 'idMessage': '589B834CD40C71DE0C2E4BA8508EA830', 'status': 'read', 'sendByApi': False}
2024-11-04 18:02:07,598 - INFO - Обновлен статус сообщения: 10
2024-11-04 18:02:08,306 - INFO - Получен webhook типа: outgoingMessageStatus, данные: {'typeWebhook': 'outgoingMessageStatus', 'chatId': '77476758154@c.us', 'instanceData': {'idInstance': 7103942473, 'wid': '77075543658@c.us', 'typeInstance': 'whatsapp'}, 'timestamp': 1730732527, 'idMessage': '94CB4401BF14B43FB9F3D95BC71DA0AF', 'status': 'read', 'sendByApi': False}
2024-11-04 18:02:08,474 - INFO - Обновлен статус сообщения: 11
2024-11-04 18:02:10,396 - INFO - Получен webhook типа: outgoingMessageStatus, данные: {'typeWebhook': 'outgoingMessageStatus', 'chatId': '77476758154@c.us', 'instanceData': {'idInstance': 7103942473, 'wid': '77075543658@c.us', 'typeInstance': 'whatsapp'}, 'timestamp': 1730732527, 'idMessage': '17DB93EF224ECE46EADC4B5C3976EBAE', 'status': 'read', 'sendByApi': False}
2024-11-04 18:02:10,567 - INFO - Обновлен статус сообщения: 12
2024-11-04 18:02:12,265 - INFO - Получен webhook типа: incomingMessageReceived, данные: {'typeWebhook': 'incomingMessageReceived', 'instanceData': {'idInstance': 7103942473, 'wid': '77075543658@c.us', 'typeInstance': 'whatsapp'}, 'timestamp': 1730732533, 'idMessage': '3F0B2431AC96EE11AD59', 'senderData': {'chatId': '77476758154@c.us', 'chatName': 'Марк', 'sender': '77476758154@c.us', 'senderName': 'Марк', 'senderContactName': 'Марк'}, 'messageData': {'typeMessage': 'extendedTextMessage', 'extendedTextMessageData': {'text': 'клиент', 'description': '', 'title': '', 'previewType': 'None', 'jpegThumbnail': '', 'forwardingScore': 0, 'isForwarded': False}}}
2024-11-04 18:02:12,409 - INFO - Сохранено входящее сообщение: 6
2024-11-04 18:02:19,518 - INFO - Получен webhook типа: outgoingMessageReceived, данные: {'typeWebhook': 'outgoingMessageReceived', 'instanceData': {'idInstance': 7103942473, 'wid': '77075543658@c.us', 'typeInstance': 'whatsapp'}, 'timestamp': 1730732540, 'idMessage': '7DCEF151BEAA8BAD2E2A8B6395BC89A5', 'senderData': {'chatId': '77476758154@c.us', 'chatName': 'Марк', 'sender': '77075543658@c.us', 'senderName': 'Tenax', 'senderContactName': ''}, 'messageData': {'typeMessage': 'textMessage', 'textMessageData': {'textMessage': 'менеджер_2'}}}
2024-11-04 18:02:20,415 - INFO - Получен webhook типа: outgoingMessageStatus, данные: {'typeWebhook': 'outgoingMessageStatus', 'chatId': '77476758154@c.us', 'instanceData': {'idInstance': 7103942473, 'wid': '77075543658@c.us', 'typeInstance': 'whatsapp'}, 'timestamp': 1730732540, 'idMessage': '7DCEF151BEAA8BAD2E2A8B6395BC89A5', 'status': 'sent', 'sendByApi': False}
2024-11-04 18:02:20,475 - INFO - Отправка запроса на получение текста сообщения: chat_id=77476758154@c.us, message_id=7DCEF151BEAA8BAD2E2A8B6395BC89A5
2024-11-04 18:02:20,830 - INFO - Полученные данные={'type': 'outgoing', 'idMessage': '7DCEF151BEAA8BAD2E2A8B6395BC89A5', 'timestamp': 1730732540, 'typeMessage': 'textMessage', 'chatId': '77476758154@c.us', 'textMessage': 'менеджер_2', 'statusMessage': 'read', 'sendByApi': False}
2024-11-04 18:02:20,948 - INFO - Сохранено исходящее сообщение из статуса: 7
2024-11-04 18:02:21,064 - INFO - Обновлен статус сообщения: 13
2024-11-04 18:02:21,753 - INFO - Получен webhook типа: outgoingMessageStatus, данные: {'typeWebhook': 'outgoingMessageStatus', 'chatId': '77476758154@c.us', 'instanceData': {'idInstance': 7103942473, 'wid': '77075543658@c.us', 'typeInstance': 'whatsapp'}, 'timestamp': 1730732540, 'idMessage': '7DCEF151BEAA8BAD2E2A8B6395BC89A5', 'status': 'delivered', 'sendByApi': False}
2024-11-04 18:02:21,922 - INFO - Обновлен статус сообщения: 14
2024-11-04 18:02:22,651 - INFO - Получен webhook типа: outgoingMessageStatus, данные: {'typeWebhook': 'outgoingMessageStatus', 'chatId': '77476758154@c.us', 'instanceData': {'idInstance': 7103942473, 'wid': '77075543658@c.us', 'typeInstance': 'whatsapp'}, 'timestamp': 1730732540, 'idMessage': '7DCEF151BEAA8BAD2E2A8B6395BC89A5', 'status': 'read', 'sendByApi': False}
2024-11-04 18:02:22,825 - INFO - Обновлен статус сообщения: 15
2024-11-04 18:03:20,159 - INFO - Начинаем остановку приложения...
2024-11-04 21:52:25,589 - INFO - База данных успешно инициализирована
2024-11-04 21:52:25,589 - INFO - WhatsApp бот успешно запущен с ID: 7103942473
2024-11-04 21:52:25,589 - INFO - Приложение успешно запущено
2024-11-04 21:52:25,589 - INFO - WhatsApp бот запущен с ID: 7103942473
2024-11-04 21:52:26,097 - INFO - Аккаунт успешно перезапущен.
2024-11-04 21:53:31,144 - INFO - Получен webhook типа: incomingMessageReceived, данные: {'typeWebhook': 'incomingMessageReceived', 'instanceData': {'idInstance': 7103942473, 'wid': '77075543658@c.us', 'typeInstance': 'whatsapp'}, 'timestamp': 1730746410, 'idMessage': '3FF695542DAB71CA3CB1', 'senderData': {'chatId': '77476758154@c.us', 'chatName': 'Марк', 'sender': '77476758154@c.us', 'senderName': 'Марк', 'senderContactName': 'Марк'}, 'messageData': {'typeMessage': 'extendedTextMessage', 'extendedTextMessageData': {'text': 'клиент', 'description': '', 'title': '', 'previewType': 'None', 'jpegThumbnail': '', 'forwardingScore': 0, 'isForwarded': False}}}
2024-11-04 21:53:31,150 - ERROR - Ошибка сохранения входящего сообщения: 'sender_name' is an invalid keyword argument for Message
2024-11-04 21:54:04,357 - INFO - Начинаем остановку приложения...
2024-11-04 21:54:09,706 - INFO - Приложение успешно остановлено
2024-11-04 21:58:39,428 - INFO - База данных успешно инициализирована
2024-11-04 21:58:39,429 - INFO - WhatsApp бот успешно запущен с ID: 7103942473
2024-11-04 21:58:39,429 - INFO - Приложение успешно запущено
2024-11-04 21:58:39,429 - INFO - WhatsApp бот запущен с ID: 7103942473
2024-11-04 21:58:39,764 - INFO - Аккаунт успешно перезапущен.
2024-11-04 21:59:10,576 - INFO - Получен webhook типа: incomingMessageReceived, данные: {'typeWebhook': 'incomingMessageReceived', 'instanceData': {'idInstance': 7103942473, 'wid': '77075543658@c.us', 'typeInstance': 'whatsapp'}, 'timestamp': 1730746749, 'idMessage': '3FE7A9ADAD2A6F4B1272', 'senderData': {'chatId': '77476758154@c.us', 'chatName': 'Марк', 'sender': '77476758154@c.us', 'senderName': 'Марк', 'senderContactName': 'Марк'}, 'messageData': {'typeMessage': 'extendedTextMessage', 'extendedTextMessageData': {'text': 'менеджер', 'description': '', 'title': '', 'previewType': 'None', 'jpegThumbnail': '', 'forwardingScore': 0, 'isForwarded': False}}}
2024-11-04 21:59:10,582 - ERROR - Ошибка сохранения входящего сообщения: 'client_name' is an invalid keyword argument for Message
2024-11-04 21:59:25,379 - INFO - Начинаем остановку приложения...
2024-11-04 21:59:30,987 - INFO - Приложение успешно остановлено
2024-11-04 21:59:37,416 - INFO - База данных успешно инициализирована
2024-11-04 21:59:37,418 - INFO - WhatsApp бот успешно запущен с ID: 7103942473
2024-11-04 21:59:37,419 - INFO - Приложение успешно запущено
2024-11-04 21:59:37,420 - INFO - WhatsApp бот запущен с ID: 7103942473
2024-11-04 21:59:37,776 - INFO - Аккаунт успешно перезапущен.
2024-11-04 22:00:24,963 - INFO - Получен webhook типа: incomingMessageReceived, данные: {'typeWebhook': 'incomingMessageReceived', 'instanceData': {'idInstance': 7103942473, 'wid': '77075543658@c.us', 'typeInstance': 'whatsapp'}, 'timestamp': 1730746823, 'idMessage': '3F63BB74CA1F1EF3E775', 'senderData': {'chatId': '77476758154@c.us', 'chatName': 'Марк', 'sender': '77476758154@c.us', 'senderName': 'Марк', 'senderContactName': 'Марк'}, 'messageData': {'typeMessage': 'extendedTextMessage', 'extendedTextMessageData': {'text': '123', 'description': '', 'title': '', 'previewType': 'None', 'jpegThumbnail': '', 'forwardingScore': 0, 'isForwarded': False}}}
2024-11-04 22:00:25,099 - INFO - Сохранено входящее сообщение: 1
2024-11-04 22:00:40,474 - INFO - Получен webhook типа: incomingMessageReceived, данные: {'typeWebhook': 'incomingMessageReceived', 'instanceData': {'idInstance': 7103942473, 'wid': '77075543658@c.us', 'typeInstance': 'whatsapp'}, 'timestamp': 1730746839, 'idMessage': '3FEAC72B952415CF1BDE', 'senderData': {'chatId': '77476758154@c.us', 'chatName': 'Марк', 'sender': '77476758154@c.us', 'senderName': 'Марк', 'senderContactName': 'Марк'}, 'messageData': {'typeMessage': 'extendedTextMessage', 'extendedTextMessageData': {'text': 'оке', 'description': '', 'title': '', 'previewType': 'None', 'jpegThumbnail': '', 'forwardingScore': 0, 'isForwarded': False}}}
2024-11-04 22:00:40,596 - INFO - Сохранено входящее сообщение: 2
2024-11-04 22:03:16,278 - INFO - Начинаем остановку приложения...
2024-11-04 22:03:40,297 - INFO - База данных успешно инициализирована
2024-11-04 22:03:40,298 - ERROR - Ошибка запуска WhatsApp бота: 'WhatsAppBot' object has no attribute 'run'
2024-11-04 22:03:40,299 - INFO - Начинаем остановку приложения...
2024-11-04 22:03:40,300 - INFO - Приложение успешно остановлено
2024-11-04 22:03:52,692 - INFO - База данных успешно инициализирована
2024-11-04 22:03:52,696 - INFO - WhatsApp бот успешно запущен с ID: 7103942473
2024-11-04 22:03:52,697 - INFO - Приложение успешно запущено
2024-11-04 22:03:52,698 - INFO - WhatsApp бот запущен с ID: 7103942473
2024-11-04 22:03:53,041 - INFO - Аккаунт успешно перезапущен.
2024-11-04 22:03:56,385 - INFO - Получен webhook типа: incomingMessageReceived, данные: {'typeWebhook': 'incomingMessageReceived', 'instanceData': {'idInstance': 7103942473, 'wid': '77075543658@c.us', 'typeInstance': 'whatsapp'}, 'timestamp': 1730747035, 'idMessage': '3FF735B0437D6989CDBE', 'senderData': {'chatId': '77476758154@c.us', 'chatName': 'Марк', 'sender': '77476758154@c.us', 'senderName': 'Марк', 'senderContactName': 'Марк'}, 'messageData': {'typeMessage': 'extendedTextMessage', 'extendedTextMessageData': {'text': '22.03', 'description': '', 'title': '', 'previewType': 'None', 'jpegThumbnail': '', 'forwardingScore': 0, 'isForwarded': False}}}
2024-11-04 22:03:56,517 - INFO - Сохранено входящее сообщение: 3
2024-11-04 22:04:43,037 - INFO - Получен webhook типа: outgoingMessageReceived, данные: {'typeWebhook': 'outgoingMessageReceived', 'instanceData': {'idInstance': 7103942473, 'wid': '77075543658@c.us', 'typeInstance': 'whatsapp'}, 'timestamp': 1730747082, 'idMessage': '5EF7FC066278E50225BAD2E8542EAC0D', 'senderData': {'chatId': '77476758154@c.us', 'chatName': 'Марк', 'sender': '77075543658@c.us', 'senderName': 'Tenax', 'senderContactName': ''}, 'messageData': {'typeMessage': 'textMessage', 'textMessageData': {'textMessage': '00.04'}}}
2024-11-04 22:04:43,709 - INFO - Получен webhook типа: outgoingMessageStatus, данные: {'typeWebhook': 'outgoingMessageStatus', 'chatId': '77476758154@c.us', 'instanceData': {'idInstance': 7103942473, 'wid': '77075543658@c.us', 'typeInstance': 'whatsapp'}, 'timestamp': 1730747082, 'idMessage': '5EF7FC066278E50225BAD2E8542EAC0D', 'status': 'sent', 'sendByApi': False}
2024-11-04 22:04:43,756 - INFO - Отправка запроса на получение информации о контакте: chat_id=77476758154@c.us
2024-11-04 22:04:44,335 - INFO - Полученные данные о контакте={'avatar': 'https://pps.whatsapp.net/v/t61.24694-24/354192692_150025058085750_5896124563750248329_n.jpg?ccb=11-4&oh=01_Q5AaIGEIxUcinQnCWxbajvE0sqWMve-HZOJRNpY14hVokdYA&oe=67361D6E&_nc_sid=5e03e0&_nc_cat=105', 'name': 'Марк', 'contactName': 'Марк', 'email': '', 'category': '', 'description': '', 'products': [], 'chatId': '77476758154@c.us', 'lastSeen': None, 'isArchive': False, 'isDisappearing': False, 'isMute': False, 'messageExpiration': 0, 'muteExpiration': None, 'isBusiness': False}
2024-11-04 22:04:44,337 - INFO - Отправка запроса на получение текста сообщения: chat_id=77476758154@c.us, message_id=5EF7FC066278E50225BAD2E8542EAC0D
2024-11-04 22:04:44,684 - INFO - Полученные данные={'type': 'outgoing', 'idMessage': '5EF7FC066278E50225BAD2E8542EAC0D', 'timestamp': 1730747082, 'typeMessage': 'textMessage', 'chatId': '77476758154@c.us', 'textMessage': '00.04', 'statusMessage': 'read', 'sendByApi': False}
2024-11-04 22:04:44,774 - INFO - Сохранено исходящее сообщение из статуса: 4, client_name: Марк
2024-11-04 22:04:44,869 - INFO - Обновлен статус сообщения: 1
2024-11-04 22:04:45,532 - INFO - Получен webhook типа: outgoingMessageStatus, данные: {'typeWebhook': 'outgoingMessageStatus', 'chatId': '77476758154@c.us', 'instanceData': {'idInstance': 7103942473, 'wid': '77075543658@c.us', 'typeInstance': 'whatsapp'}, 'timestamp': 1730747082, 'idMessage': '5EF7FC066278E50225BAD2E8542EAC0D', 'status': 'delivered', 'sendByApi': False}
2024-11-04 22:04:45,659 - INFO - Обновлен статус сообщения: 2
2024-11-04 22:04:46,340 - INFO - Получен webhook типа: outgoingMessageStatus, данные: {'typeWebhook': 'outgoingMessageStatus', 'chatId': '77476758154@c.us', 'instanceData': {'idInstance': 7103942473, 'wid': '77075543658@c.us', 'typeInstance': 'whatsapp'}, 'timestamp': 1730747082, 'idMessage': '5EF7FC066278E50225BAD2E8542EAC0D', 'status': 'read', 'sendByApi': False}
2024-11-04 22:04:46,472 - INFO - Обновлен статус сообщения: 3
2024-11-04 22:09:53,956 - INFO - База данных успешно инициализирована
2024-11-04 22:09:53,956 - INFO - WhatsApp бот успешно запущен с ID: 7103942473
2024-11-04 22:09:53,956 - INFO - Приложение успешно запущено
2024-11-04 22:09:53,957 - INFO - WhatsApp бот запущен с ID: 7103942473
2024-11-04 22:09:54,295 - INFO - Аккаунт успешно перезапущен.
2024-11-04 22:11:39,345 - INFO - Получен webhook типа: incomingMessageReceived, данные: {'typeWebhook': 'incomingMessageReceived', 'instanceData': {'idInstance': 7103942473, 'wid': '77075543658@c.us', 'typeInstance': 'whatsapp'}, 'timestamp': 1730747498, 'idMessage': '3F560CDA40D459A94B31', 'senderData': {'chatId': '77476758154@c.us', 'chatName': 'Марк', 'sender': '77476758154@c.us', 'senderName': 'Марк', 'senderContactName': 'Марк'}, 'messageData': {'typeMessage': 'extendedTextMessage', 'extendedTextMessageData': {'text': 'q', 'description': '', 'title': '', 'previewType': 'None', 'jpegThumbnail': '', 'forwardingScore': 0, 'isForwarded': False}}}
2024-11-04 22:11:39,512 - INFO - Сохранено входящее сообщение: 1
2024-11-04 22:11:47,528 - INFO - Получен webhook типа: outgoingMessageReceived, данные: {'typeWebhook': 'outgoingMessageReceived', 'instanceData': {'idInstance': 7103942473, 'wid': '77075543658@c.us', 'typeInstance': 'whatsapp'}, 'timestamp': 1730747507, 'idMessage': '560CE7492F5F266C97C358C9B5628ACF', 'senderData': {'chatId': '77476758154@c.us', 'chatName': 'Марк', 'sender': '77075543658@c.us', 'senderName': 'Tenax', 'senderContactName': ''}, 'messageData': {'typeMessage': 'textMessage', 'textMessageData': {'textMessage': 'b'}}}
2024-11-04 22:11:48,211 - INFO - Получен webhook типа: outgoingMessageStatus, данные: {'typeWebhook': 'outgoingMessageStatus', 'chatId': '77476758154@c.us', 'instanceData': {'idInstance': 7103942473, 'wid': '77075543658@c.us', 'typeInstance': 'whatsapp'}, 'timestamp': 1730747507, 'idMessage': '560CE7492F5F266C97C358C9B5628ACF', 'status': 'sent', 'sendByApi': False}
2024-11-04 22:11:48,278 - INFO - Отправка запроса на получение текста сообщения: chat_id=77476758154@c.us, message_id=560CE7492F5F266C97C358C9B5628ACF
2024-11-04 22:11:48,632 - INFO - Полученные данные={'type': 'outgoing', 'idMessage': '560CE7492F5F266C97C358C9B5628ACF', 'timestamp': 1730747507, 'typeMessage': 'textMessage', 'chatId': '77476758154@c.us', 'textMessage': 'b', 'statusMessage': 'read', 'sendByApi': False}
2024-11-04 22:11:48,745 - INFO - Сохранено исходящее сообщение из статуса: 2
2024-11-04 22:11:48,846 - INFO - Обновлен статус сообщения: 1
2024-11-04 22:11:49,567 - INFO - Получен webhook типа: outgoingMessageStatus, данные: {'typeWebhook': 'outgoingMessageStatus', 'chatId': '77476758154@c.us', 'instanceData': {'idInstance': 7103942473, 'wid': '77075543658@c.us', 'typeInstance': 'whatsapp'}, 'timestamp': 1730747507, 'idMessage': '560CE7492F5F266C97C358C9B5628ACF', 'status': 'delivered', 'sendByApi': False}
2024-11-04 22:11:49,736 - INFO - Обновлен статус сообщения: 2
2024-11-04 22:11:50,447 - INFO - Получен webhook типа: outgoingMessageStatus, данные: {'typeWebhook': 'outgoingMessageStatus', 'chatId': '77476758154@c.us', 'instanceData': {'idInstance': 7103942473, 'wid': '77075543658@c.us', 'typeInstance': 'whatsapp'}, 'timestamp': 1730747507, 'idMessage': '560CE7492F5F266C97C358C9B5628ACF', 'status': 'read', 'sendByApi': False}
2024-11-04 22:11:50,618 - INFO - Обновлен статус сообщения: 3
2024-11-04 22:12:01,237 - INFO - Начинаем остановку приложения...
2024-11-04 22:12:03,695 - INFO - Приложение успешно остановлено
