2024-10-30 16:19:00,446 - INFO - [run] Запуск всех компонентов..
2024-10-30 16:19:15,409 - INFO - [Входящее сообщение] {'receiptId': 21, 'body': {'typeWebhook': 'incomingMessageReceived', 'instanceData': {'idInstance': 7103942473, 'wid': '77075543658@c.us', 'typeInstance': 'whatsapp'}, 'timestamp': 1730294353, 'idMessage': '3F042881ED923CDEA516', 'senderData': {'chatId': '77476758154@c.us', 'chatName': 'Марк', 'sender': '77476758154@c.us', 'senderName': 'Марк', 'senderContactName': 'Марк'}, 'messageData': {'typeMessage': 'extendedTextMessage', 'extendedTextMessageData': {'text': 'клиент', 'description': '', 'title': '', 'previewType': 'None', 'jpegThumbnail': '', 'forwardingScore': 0, 'isForwarded': False}}}}
2024-10-30 16:19:15,416 - INFO - Входящее сообщение от клиента 77476758154
2024-10-30 16:19:15,725 - INFO - Сообщение 'текст заглушка' отправлено на номер 77075543658
2024-10-30 16:19:16,068 - INFO - Уведомление с receipt_id 21 успешно удалено.
2024-10-30 16:19:18,411 - INFO - [Входящее сообщение] {'receiptId': 22, 'body': {'typeWebhook': 'outgoingMessageStatus', 'chatId': '77075543658@c.us', 'instanceData': {'idInstance': 7103942473, 'wid': '77075543658@c.us', 'typeInstance': 'whatsapp'}, 'timestamp': 1730294356, 'idMessage': 'BAE5351FB4F9A771', 'status': 'sent', 'sendByApi': True}}
2024-10-30 16:19:18,411 - INFO - Получено статус сообщения: sent
2024-10-30 16:19:18,718 - ERROR - Ошибка при получении сообщения: 400 - {"statusCode":400,"timestamp":"2024-10-30T13:19:19.319Z","path":"/waInstance7103942473/getMessage/0040cb8ba8f642de98fbba29668639e01635e4934a624d778c","message":"Validation failed. Details: 'chatId' must be one of the next formats: 'phone_number@c.us' or 'group_id@g.us'"}
2024-10-30 16:19:19,042 - INFO - Ошибка при отправке сообщения: 400
2024-10-30 16:19:19,043 - INFO - [DATA_MESSAGE] None
2024-10-30 16:19:19,044 - INFO - Текст сообщения отсутствует
2024-10-30 16:19:19,359 - INFO - Уведомление с receipt_id 22 успешно удалено.
2024-10-30 16:19:31,943 - INFO - [STOP] Остановка ботов...
2024-10-30 16:22:24,052 - INFO - [run] Запуск всех компонентов..
2024-10-30 16:22:32,682 - INFO - [Входящее сообщение] {'receiptId': 23, 'body': {'typeWebhook': 'incomingMessageReceived', 'instanceData': {'idInstance': 7103942473, 'wid': '77075543658@c.us', 'typeInstance': 'whatsapp'}, 'timestamp': 1730294552, 'idMessage': '3FC6E923E919C36CBE4D', 'senderData': {'chatId': '77476758154@c.us', 'chatName': 'Марк', 'sender': '77476758154@c.us', 'senderName': 'Марк', 'senderContactName': 'Марк'}, 'messageData': {'typeMessage': 'extendedTextMessage', 'extendedTextMessageData': {'text': 'клиент', 'description': '', 'title': '', 'previewType': 'None', 'jpegThumbnail': '', 'forwardingScore': 0, 'isForwarded': False}}}}
2024-10-30 16:22:32,686 - INFO - Входящее сообщение от клиента 77476758154
2024-10-30 16:22:33,018 - INFO - Сообщение 'текст заглушка' отправлено на номер 77075543658
2024-10-30 16:22:35,368 - INFO - [Входящее сообщение] {'receiptId': 23, 'body': {'typeWebhook': 'incomingMessageReceived', 'instanceData': {'idInstance': 7103942473, 'wid': '77075543658@c.us', 'typeInstance': 'whatsapp'}, 'timestamp': 1730294552, 'idMessage': '3FC6E923E919C36CBE4D', 'senderData': {'chatId': '77476758154@c.us', 'chatName': 'Марк', 'sender': '77476758154@c.us', 'senderName': 'Марк', 'senderContactName': 'Марк'}, 'messageData': {'typeMessage': 'extendedTextMessage', 'extendedTextMessageData': {'text': 'клиент', 'description': '', 'title': '', 'previewType': 'None', 'jpegThumbnail': '', 'forwardingScore': 0, 'isForwarded': False}}}}
2024-10-30 16:22:35,368 - INFO - Входящее сообщение от клиента 77476758154
2024-10-30 16:22:35,768 - INFO - Сообщение 'текст заглушка' отправлено на номер 77075543658
2024-10-30 16:22:38,086 - INFO - [Входящее сообщение] {'receiptId': 23, 'body': {'typeWebhook': 'incomingMessageReceived', 'instanceData': {'idInstance': 7103942473, 'wid': '77075543658@c.us', 'typeInstance': 'whatsapp'}, 'timestamp': 1730294552, 'idMessage': '3FC6E923E919C36CBE4D', 'senderData': {'chatId': '77476758154@c.us', 'chatName': 'Марк', 'sender': '77476758154@c.us', 'senderName': 'Марк', 'senderContactName': 'Марк'}, 'messageData': {'typeMessage': 'extendedTextMessage', 'extendedTextMessageData': {'text': 'клиент', 'description': '', 'title': '', 'previewType': 'None', 'jpegThumbnail': '', 'forwardingScore': 0, 'isForwarded': False}}}}
2024-10-30 16:22:38,086 - INFO - Входящее сообщение от клиента 77476758154
2024-10-30 16:22:38,425 - INFO - Сообщение 'текст заглушка' отправлено на номер 77075543658
2024-10-30 16:22:40,750 - INFO - [Входящее сообщение] {'receiptId': 23, 'body': {'typeWebhook': 'incomingMessageReceived', 'instanceData': {'idInstance': 7103942473, 'wid': '77075543658@c.us', 'typeInstance': 'whatsapp'}, 'timestamp': 1730294552, 'idMessage': '3FC6E923E919C36CBE4D', 'senderData': {'chatId': '77476758154@c.us', 'chatName': 'Марк', 'sender': '77476758154@c.us', 'senderName': 'Марк', 'senderContactName': 'Марк'}, 'messageData': {'typeMessage': 'extendedTextMessage', 'extendedTextMessageData': {'text': 'клиент', 'description': '', 'title': '', 'previewType': 'None', 'jpegThumbnail': '', 'forwardingScore': 0, 'isForwarded': False}}}}
2024-10-30 16:22:40,752 - INFO - Входящее сообщение от клиента 77476758154
2024-10-30 16:22:41,119 - INFO - Сообщение 'текст заглушка' отправлено на номер 77075543658
2024-10-30 16:22:43,435 - INFO - [Входящее сообщение] {'receiptId': 23, 'body': {'typeWebhook': 'incomingMessageReceived', 'instanceData': {'idInstance': 7103942473, 'wid': '77075543658@c.us', 'typeInstance': 'whatsapp'}, 'timestamp': 1730294552, 'idMessage': '3FC6E923E919C36CBE4D', 'senderData': {'chatId': '77476758154@c.us', 'chatName': 'Марк', 'sender': '77476758154@c.us', 'senderName': 'Марк', 'senderContactName': 'Марк'}, 'messageData': {'typeMessage': 'extendedTextMessage', 'extendedTextMessageData': {'text': 'клиент', 'description': '', 'title': '', 'previewType': 'None', 'jpegThumbnail': '', 'forwardingScore': 0, 'isForwarded': False}}}}
2024-10-30 16:22:43,435 - INFO - Входящее сообщение от клиента 77476758154
2024-10-30 16:22:43,753 - INFO - Сообщение 'текст заглушка' отправлено на номер 77075543658
2024-10-30 16:22:46,070 - INFO - [Входящее сообщение] {'receiptId': 23, 'body': {'typeWebhook': 'incomingMessageReceived', 'instanceData': {'idInstance': 7103942473, 'wid': '77075543658@c.us', 'typeInstance': 'whatsapp'}, 'timestamp': 1730294552, 'idMessage': '3FC6E923E919C36CBE4D', 'senderData': {'chatId': '77476758154@c.us', 'chatName': 'Марк', 'sender': '77476758154@c.us', 'senderName': 'Марк', 'senderContactName': 'Марк'}, 'messageData': {'typeMessage': 'extendedTextMessage', 'extendedTextMessageData': {'text': 'клиент', 'description': '', 'title': '', 'previewType': 'None', 'jpegThumbnail': '', 'forwardingScore': 0, 'isForwarded': False}}}}
2024-10-30 16:22:46,070 - INFO - Входящее сообщение от клиента 77476758154
2024-10-30 16:22:46,391 - INFO - Сообщение 'текст заглушка' отправлено на номер 77075543658
2024-10-30 16:22:48,697 - INFO - [Входящее сообщение] {'receiptId': 23, 'body': {'typeWebhook': 'incomingMessageReceived', 'instanceData': {'idInstance': 7103942473, 'wid': '77075543658@c.us', 'typeInstance': 'whatsapp'}, 'timestamp': 1730294552, 'idMessage': '3FC6E923E919C36CBE4D', 'senderData': {'chatId': '77476758154@c.us', 'chatName': 'Марк', 'sender': '77476758154@c.us', 'senderName': 'Марк', 'senderContactName': 'Марк'}, 'messageData': {'typeMessage': 'extendedTextMessage', 'extendedTextMessageData': {'text': 'клиент', 'description': '', 'title': '', 'previewType': 'None', 'jpegThumbnail': '', 'forwardingScore': 0, 'isForwarded': False}}}}
2024-10-30 16:22:48,701 - INFO - Входящее сообщение от клиента 77476758154
2024-10-30 16:22:49,083 - INFO - Сообщение 'текст заглушка' отправлено на номер 77075543658
2024-10-30 16:22:51,401 - INFO - [Входящее сообщение] {'receiptId': 23, 'body': {'typeWebhook': 'incomingMessageReceived', 'instanceData': {'idInstance': 7103942473, 'wid': '77075543658@c.us', 'typeInstance': 'whatsapp'}, 'timestamp': 1730294552, 'idMessage': '3FC6E923E919C36CBE4D', 'senderData': {'chatId': '77476758154@c.us', 'chatName': 'Марк', 'sender': '77476758154@c.us', 'senderName': 'Марк', 'senderContactName': 'Марк'}, 'messageData': {'typeMessage': 'extendedTextMessage', 'extendedTextMessageData': {'text': 'клиент', 'description': '', 'title': '', 'previewType': 'None', 'jpegThumbnail': '', 'forwardingScore': 0, 'isForwarded': False}}}}
2024-10-30 16:22:51,417 - INFO - Входящее сообщение от клиента 77476758154
2024-10-30 16:22:51,751 - INFO - Сообщение 'текст заглушка' отправлено на номер 77075543658
2024-10-30 16:22:54,051 - INFO - [Входящее сообщение] {'receiptId': 23, 'body': {'typeWebhook': 'incomingMessageReceived', 'instanceData': {'idInstance': 7103942473, 'wid': '77075543658@c.us', 'typeInstance': 'whatsapp'}, 'timestamp': 1730294552, 'idMessage': '3FC6E923E919C36CBE4D', 'senderData': {'chatId': '77476758154@c.us', 'chatName': 'Марк', 'sender': '77476758154@c.us', 'senderName': 'Марк', 'senderContactName': 'Марк'}, 'messageData': {'typeMessage': 'extendedTextMessage', 'extendedTextMessageData': {'text': 'клиент', 'description': '', 'title': '', 'previewType': 'None', 'jpegThumbnail': '', 'forwardingScore': 0, 'isForwarded': False}}}}
2024-10-30 16:22:54,051 - INFO - Входящее сообщение от клиента 77476758154
2024-10-30 16:22:54,367 - INFO - Сообщение 'текст заглушка' отправлено на номер 77075543658
2024-10-30 16:22:56,776 - INFO - [Входящее сообщение] {'receiptId': 23, 'body': {'typeWebhook': 'incomingMessageReceived', 'instanceData': {'idInstance': 7103942473, 'wid': '77075543658@c.us', 'typeInstance': 'whatsapp'}, 'timestamp': 1730294552, 'idMessage': '3FC6E923E919C36CBE4D', 'senderData': {'chatId': '77476758154@c.us', 'chatName': 'Марк', 'sender': '77476758154@c.us', 'senderName': 'Марк', 'senderContactName': 'Марк'}, 'messageData': {'typeMessage': 'extendedTextMessage', 'extendedTextMessageData': {'text': 'клиент', 'description': '', 'title': '', 'previewType': 'None', 'jpegThumbnail': '', 'forwardingScore': 0, 'isForwarded': False}}}}
2024-10-30 16:22:56,781 - INFO - Входящее сообщение от клиента 77476758154
2024-10-30 16:22:57,085 - INFO - Сообщение 'текст заглушка' отправлено на номер 77075543658
2024-10-30 16:22:57,868 - INFO - [STOP] Остановка ботов...
2024-10-30 16:23:14,812 - INFO - [run] Запуск всех компонентов..
2024-10-30 16:23:15,165 - INFO - [Входящее сообщение] {'receiptId': 23, 'body': {'typeWebhook': 'incomingMessageReceived', 'instanceData': {'idInstance': 7103942473, 'wid': '77075543658@c.us', 'typeInstance': 'whatsapp'}, 'timestamp': 1730294552, 'idMessage': '3FC6E923E919C36CBE4D', 'senderData': {'chatId': '77476758154@c.us', 'chatName': 'Марк', 'sender': '77476758154@c.us', 'senderName': 'Марк', 'senderContactName': 'Марк'}, 'messageData': {'typeMessage': 'extendedTextMessage', 'extendedTextMessageData': {'text': 'клиент', 'description': '', 'title': '', 'previewType': 'None', 'jpegThumbnail': '', 'forwardingScore': 0, 'isForwarded': False}}}}
2024-10-30 16:23:15,168 - INFO - Входящее сообщение от клиента 77476758154
2024-10-30 16:23:15,467 - INFO - Сообщение 'текст заглушка' отправлено на номер 77075543658
2024-10-30 16:23:16,001 - INFO - Уведомление с receipt_id 23 успешно удалено.
2024-10-30 16:23:18,300 - INFO - [Входящее сообщение] {'receiptId': 24, 'body': {'typeWebhook': 'outgoingMessageStatus', 'chatId': '77075543658@c.us', 'instanceData': {'idInstance': 7103942473, 'wid': '77075543658@c.us', 'typeInstance': 'whatsapp'}, 'timestamp': 1730294554, 'idMessage': 'BAE5A0B645918D53', 'status': 'sent', 'sendByApi': True}}
2024-10-30 16:23:18,300 - INFO - Получено статус сообщения: sent
2024-10-30 16:23:18,600 - ERROR - Ошибка при получении сообщения: 400 - {"statusCode":400,"timestamp":"2024-10-30T13:23:19.218Z","path":"/waInstance7103942473/getMessage/0040cb8ba8f642de98fbba29668639e01635e4934a624d778c","message":"Validation failed. Details: 'chatId' must be one of the next formats: 'phone_number@c.us' or 'group_id@g.us'"}
2024-10-30 16:23:18,917 - INFO - Ошибка при отправке сообщения: 400
2024-10-30 16:23:18,917 - INFO - [DATA_MESSAGE] None
2024-10-30 16:23:18,917 - INFO - Текст сообщения отсутствует
2024-10-30 16:23:19,216 - INFO - Уведомление с receipt_id 24 успешно удалено.
2024-10-30 16:23:21,552 - INFO - [Входящее сообщение] {'receiptId': 25, 'body': {'typeWebhook': 'outgoingMessageStatus', 'chatId': '77075543658@c.us', 'instanceData': {'idInstance': 7103942473, 'wid': '77075543658@c.us', 'typeInstance': 'whatsapp'}, 'timestamp': 1730294556, 'idMessage': 'BAE5B5C9D6644E42', 'status': 'sent', 'sendByApi': True}}
2024-10-30 16:23:21,556 - INFO - Получено статус сообщения: sent
2024-10-30 16:23:21,918 - ERROR - Ошибка при получении сообщения: 400 - {"statusCode":400,"timestamp":"2024-10-30T13:23:22.527Z","path":"/waInstance7103942473/getMessage/0040cb8ba8f642de98fbba29668639e01635e4934a624d778c","message":"Validation failed. Details: 'chatId' must be one of the next formats: 'phone_number@c.us' or 'group_id@g.us'"}
2024-10-30 16:23:22,240 - INFO - Ошибка при отправке сообщения: 400
2024-10-30 16:23:22,241 - INFO - [DATA_MESSAGE] None
2024-10-30 16:23:22,243 - INFO - Текст сообщения отсутствует
2024-10-30 16:23:22,556 - INFO - Уведомление с receipt_id 25 успешно удалено.
2024-10-30 16:23:24,850 - INFO - [Входящее сообщение] {'receiptId': 26, 'body': {'typeWebhook': 'outgoingMessageStatus', 'chatId': '77075543658@c.us', 'instanceData': {'idInstance': 7103942473, 'wid': '77075543658@c.us', 'typeInstance': 'whatsapp'}, 'timestamp': 1730294559, 'idMessage': 'BAE5FE31E5691C52', 'status': 'sent', 'sendByApi': True}}
2024-10-30 16:23:24,850 - INFO - Получено статус сообщения: sent
2024-10-30 16:23:25,167 - ERROR - Ошибка при получении сообщения: 400 - {"statusCode":400,"timestamp":"2024-10-30T13:23:25.771Z","path":"/waInstance7103942473/getMessage/0040cb8ba8f642de98fbba29668639e01635e4934a624d778c","message":"Validation failed. Details: 'chatId' must be one of the next formats: 'phone_number@c.us' or 'group_id@g.us'"}
2024-10-30 16:23:25,501 - INFO - Ошибка при отправке сообщения: 400
2024-10-30 16:23:25,501 - INFO - [DATA_MESSAGE] None
2024-10-30 16:23:25,501 - INFO - Текст сообщения отсутствует
2024-10-30 16:23:25,833 - INFO - Уведомление с receipt_id 26 успешно удалено.
2024-10-30 16:23:28,182 - INFO - [Входящее сообщение] {'receiptId': 27, 'body': {'typeWebhook': 'outgoingMessageStatus', 'chatId': '77075543658@c.us', 'instanceData': {'idInstance': 7103942473, 'wid': '77075543658@c.us', 'typeInstance': 'whatsapp'}, 'timestamp': 1730294561, 'idMessage': 'BAE58A92C76462D1', 'status': 'sent', 'sendByApi': True}}
2024-10-30 16:23:28,182 - INFO - Получено статус сообщения: sent
2024-10-30 16:23:28,488 - ERROR - Ошибка при получении сообщения: 400 - {"statusCode":400,"timestamp":"2024-10-30T13:23:29.092Z","path":"/waInstance7103942473/getMessage/0040cb8ba8f642de98fbba29668639e01635e4934a624d778c","message":"Validation failed. Details: 'chatId' must be one of the next formats: 'phone_number@c.us' or 'group_id@g.us'"}
2024-10-30 16:23:28,819 - INFO - Ошибка при отправке сообщения: 400
2024-10-30 16:23:28,819 - INFO - [DATA_MESSAGE] None
2024-10-30 16:23:28,819 - INFO - Текст сообщения отсутствует
2024-10-30 16:23:29,149 - INFO - Уведомление с receipt_id 27 успешно удалено.
2024-10-30 16:23:31,475 - INFO - [Входящее сообщение] {'receiptId': 28, 'body': {'typeWebhook': 'outgoingMessageStatus', 'chatId': '77075543658@c.us', 'instanceData': {'idInstance': 7103942473, 'wid': '77075543658@c.us', 'typeInstance': 'whatsapp'}, 'timestamp': 1730294564, 'idMessage': 'BAE568D3E954AA52', 'status': 'sent', 'sendByApi': True}}
2024-10-30 16:23:31,479 - INFO - Получено статус сообщения: sent
2024-10-30 16:23:31,833 - ERROR - Ошибка при получении сообщения: 400 - {"statusCode":400,"timestamp":"2024-10-30T13:23:32.428Z","path":"/waInstance7103942473/getMessage/0040cb8ba8f642de98fbba29668639e01635e4934a624d778c","message":"Validation failed. Details: 'chatId' must be one of the next formats: 'phone_number@c.us' or 'group_id@g.us'"}
2024-10-30 16:23:32,176 - INFO - Ошибка при отправке сообщения: 400
2024-10-30 16:23:32,177 - INFO - [DATA_MESSAGE] None
2024-10-30 16:23:32,179 - INFO - Текст сообщения отсутствует
2024-10-30 16:23:32,450 - INFO - Уведомление с receipt_id 28 успешно удалено.
2024-10-30 16:23:34,803 - INFO - [Входящее сообщение] {'receiptId': 29, 'body': {'typeWebhook': 'outgoingMessageStatus', 'chatId': '77075543658@c.us', 'instanceData': {'idInstance': 7103942473, 'wid': '77075543658@c.us', 'typeInstance': 'whatsapp'}, 'timestamp': 1730294567, 'idMessage': 'BAE53935007FAA7A', 'status': 'sent', 'sendByApi': True}}
2024-10-30 16:23:34,807 - INFO - Получено статус сообщения: sent
2024-10-30 16:23:35,118 - ERROR - Ошибка при получении сообщения: 400 - {"statusCode":400,"timestamp":"2024-10-30T13:23:35.722Z","path":"/waInstance7103942473/getMessage/0040cb8ba8f642de98fbba29668639e01635e4934a624d778c","message":"Validation failed. Details: 'chatId' must be one of the next formats: 'phone_number@c.us' or 'group_id@g.us'"}
2024-10-30 16:23:35,422 - INFO - Ошибка при отправке сообщения: 400
2024-10-30 16:23:35,423 - INFO - [DATA_MESSAGE] None
2024-10-30 16:23:35,425 - INFO - Текст сообщения отсутствует
2024-10-30 16:23:35,733 - INFO - Уведомление с receipt_id 29 успешно удалено.
2024-10-30 16:23:38,088 - INFO - [Входящее сообщение] {'receiptId': 30, 'body': {'typeWebhook': 'outgoingMessageStatus', 'chatId': '77075543658@c.us', 'instanceData': {'idInstance': 7103942473, 'wid': '77075543658@c.us', 'typeInstance': 'whatsapp'}, 'timestamp': 1730294569, 'idMessage': 'BAE5BD87FD20740A', 'status': 'sent', 'sendByApi': True}}
2024-10-30 16:23:38,093 - INFO - Получено статус сообщения: sent
2024-10-30 16:23:38,432 - ERROR - Ошибка при получении сообщения: 400 - {"statusCode":400,"timestamp":"2024-10-30T13:23:39.033Z","path":"/waInstance7103942473/getMessage/0040cb8ba8f642de98fbba29668639e01635e4934a624d778c","message":"Validation failed. Details: 'chatId' must be one of the next formats: 'phone_number@c.us' or 'group_id@g.us'"}
2024-10-30 16:23:38,749 - INFO - Ошибка при отправке сообщения: 400
2024-10-30 16:23:38,749 - INFO - [DATA_MESSAGE] None
2024-10-30 16:23:38,749 - INFO - Текст сообщения отсутствует
2024-10-30 16:23:39,076 - INFO - Уведомление с receipt_id 30 успешно удалено.
2024-10-30 16:23:41,400 - INFO - [Входящее сообщение] {'receiptId': 31, 'body': {'typeWebhook': 'outgoingMessageStatus', 'chatId': '77476758154@c.us', 'instanceData': {'idInstance': 7103942473, 'wid': '77075543658@c.us', 'typeInstance': 'whatsapp'}, 'timestamp': 1730294570, 'idMessage': '0063D31697F9B832CB6498A7A41F1D9C', 'status': 'sent', 'sendByApi': False}}
2024-10-30 16:23:41,400 - INFO - Получено статус сообщения: sent
2024-10-30 16:23:41,701 - ERROR - Ошибка при получении сообщения: 400 - {"statusCode":400,"timestamp":"2024-10-30T13:23:42.315Z","path":"/waInstance7103942473/getMessage/0040cb8ba8f642de98fbba29668639e01635e4934a624d778c","message":"Validation failed. Details: 'chatId' must be one of the next formats: 'phone_number@c.us' or 'group_id@g.us'"}
2024-10-30 16:23:42,017 - INFO - Ошибка при отправке сообщения: 400
2024-10-30 16:23:42,017 - INFO - [DATA_MESSAGE] None
2024-10-30 16:23:42,017 - INFO - Текст сообщения отсутствует
2024-10-30 16:23:42,361 - INFO - Уведомление с receipt_id 31 успешно удалено.
2024-10-30 16:23:44,742 - INFO - [Входящее сообщение] {'receiptId': 32, 'body': {'typeWebhook': 'outgoingMessageStatus', 'chatId': '77476758154@c.us', 'instanceData': {'idInstance': 7103942473, 'wid': '77075543658@c.us', 'typeInstance': 'whatsapp'}, 'timestamp': 1730294570, 'idMessage': '0063D31697F9B832CB6498A7A41F1D9C', 'status': 'delivered', 'sendByApi': False}}
2024-10-30 16:23:44,746 - INFO - Получено статус сообщения: delivered
2024-10-30 16:23:44,747 - INFO - Удаление ненужного сообщения 32
2024-10-30 16:23:45,066 - INFO - Уведомление с receipt_id 32 успешно удалено.
2024-10-30 16:23:45,067 - INFO - Текст сообщения отсутствует
2024-10-30 16:23:45,400 - INFO - Уведомление с receipt_id 32 успешно удалено.
2024-10-30 16:23:47,715 - INFO - [Входящее сообщение] {'receiptId': 33, 'body': {'typeWebhook': 'outgoingMessageStatus', 'chatId': '77075543658@c.us', 'instanceData': {'idInstance': 7103942473, 'wid': '77075543658@c.us', 'typeInstance': 'whatsapp'}, 'timestamp': 1730294572, 'idMessage': 'BAE520FC522EBB61', 'status': 'sent', 'sendByApi': True}}
2024-10-30 16:23:47,732 - INFO - Получено статус сообщения: sent
2024-10-30 16:23:48,032 - ERROR - Ошибка при получении сообщения: 400 - {"statusCode":400,"timestamp":"2024-10-30T13:23:48.644Z","path":"/waInstance7103942473/getMessage/0040cb8ba8f642de98fbba29668639e01635e4934a624d778c","message":"Validation failed. Details: 'chatId' must be one of the next formats: 'phone_number@c.us' or 'group_id@g.us'"}
2024-10-30 16:23:48,400 - INFO - Ошибка при отправке сообщения: 400
2024-10-30 16:23:48,400 - INFO - [DATA_MESSAGE] None
2024-10-30 16:23:48,400 - INFO - Текст сообщения отсутствует
2024-10-30 16:23:48,720 - INFO - Уведомление с receipt_id 33 успешно удалено.
2024-10-30 16:23:51,016 - INFO - [Входящее сообщение] {'receiptId': 34, 'body': {'typeWebhook': 'outgoingMessageStatus', 'chatId': '77075543658@c.us', 'instanceData': {'idInstance': 7103942473, 'wid': '77075543658@c.us', 'typeInstance': 'whatsapp'}, 'timestamp': 1730294575, 'idMessage': 'BAE5AD70E01C4256', 'status': 'sent', 'sendByApi': True}}
2024-10-30 16:23:51,016 - INFO - Получено статус сообщения: sent
2024-10-30 16:23:51,349 - ERROR - Ошибка при получении сообщения: 400 - {"statusCode":400,"timestamp":"2024-10-30T13:23:51.959Z","path":"/waInstance7103942473/getMessage/0040cb8ba8f642de98fbba29668639e01635e4934a624d778c","message":"Validation failed. Details: 'chatId' must be one of the next formats: 'phone_number@c.us' or 'group_id@g.us'"}
2024-10-30 16:23:51,657 - INFO - Ошибка при отправке сообщения: 400
2024-10-30 16:23:51,658 - INFO - [DATA_MESSAGE] None
2024-10-30 16:23:51,658 - INFO - Текст сообщения отсутствует
2024-10-30 16:23:51,975 - INFO - Уведомление с receipt_id 34 успешно удалено.
2024-10-30 16:23:54,316 - INFO - [Входящее сообщение] {'receiptId': 35, 'body': {'typeWebhook': 'outgoingMessageStatus', 'chatId': '77075543658@c.us', 'instanceData': {'idInstance': 7103942473, 'wid': '77075543658@c.us', 'typeInstance': 'whatsapp'}, 'timestamp': 1730294577, 'idMessage': 'BAE552BDCACD2785', 'status': 'sent', 'sendByApi': True}}
2024-10-30 16:23:54,316 - INFO - Получено статус сообщения: sent
2024-10-30 16:23:54,616 - ERROR - Ошибка при получении сообщения: 400 - {"statusCode":400,"timestamp":"2024-10-30T13:23:55.236Z","path":"/waInstance7103942473/getMessage/0040cb8ba8f642de98fbba29668639e01635e4934a624d778c","message":"Validation failed. Details: 'chatId' must be one of the next formats: 'phone_number@c.us' or 'group_id@g.us'"}
2024-10-30 16:23:54,949 - INFO - Ошибка при отправке сообщения: 400
2024-10-30 16:23:54,949 - INFO - [DATA_MESSAGE] None
2024-10-30 16:23:54,949 - INFO - Текст сообщения отсутствует
2024-10-30 16:23:55,311 - INFO - Уведомление с receipt_id 35 успешно удалено.
2024-10-30 16:23:57,632 - INFO - [Входящее сообщение] {'receiptId': 36, 'body': {'typeWebhook': 'outgoingMessageStatus', 'chatId': '77075543658@c.us', 'instanceData': {'idInstance': 7103942473, 'wid': '77075543658@c.us', 'typeInstance': 'whatsapp'}, 'timestamp': 1730294596, 'idMessage': 'BAE51D1A2E7ED866', 'status': 'sent', 'sendByApi': True}}
2024-10-30 16:23:57,632 - INFO - Получено статус сообщения: sent
2024-10-30 16:23:57,982 - ERROR - Ошибка при получении сообщения: 400 - {"statusCode":400,"timestamp":"2024-10-30T13:23:58.587Z","path":"/waInstance7103942473/getMessage/0040cb8ba8f642de98fbba29668639e01635e4934a624d778c","message":"Validation failed. Details: 'chatId' must be one of the next formats: 'phone_number@c.us' or 'group_id@g.us'"}
2024-10-30 16:23:58,298 - INFO - Ошибка при отправке сообщения: 400
2024-10-30 16:23:58,298 - INFO - [DATA_MESSAGE] None
2024-10-30 16:23:58,298 - INFO - Текст сообщения отсутствует
2024-10-30 16:23:58,599 - INFO - Уведомление с receipt_id 36 успешно удалено.
2024-10-30 16:24:22,959 - INFO - [Входящее сообщение] {'receiptId': 37, 'body': {'typeWebhook': 'incomingMessageReceived', 'instanceData': {'idInstance': 7103942473, 'wid': '77075543658@c.us', 'typeInstance': 'whatsapp'}, 'timestamp': 1730294661, 'idMessage': '3F2223A270D60EA4952A', 'senderData': {'chatId': '77476758154@c.us', 'chatName': 'Марк', 'sender': '77476758154@c.us', 'senderName': 'Марк', 'senderContactName': 'Марк'}, 'messageData': {'typeMessage': 'extendedTextMessage', 'extendedTextMessageData': {'text': 'client', 'description': '', 'title': '', 'previewType': 'None', 'jpegThumbnail': '', 'forwardingScore': 0, 'isForwarded': False}}}}
2024-10-30 16:24:22,964 - INFO - Входящее сообщение от клиента 77476758154
2024-10-30 16:24:23,282 - INFO - Сообщение 'текст заглушка' отправлено на номер 77075543658
2024-10-30 16:24:23,598 - INFO - Уведомление с receipt_id 37 успешно удалено.
2024-10-30 16:24:25,914 - INFO - [Входящее сообщение] {'receiptId': 38, 'body': {'typeWebhook': 'outgoingMessageStatus', 'chatId': '77075543658@c.us', 'instanceData': {'idInstance': 7103942473, 'wid': '77075543658@c.us', 'typeInstance': 'whatsapp'}, 'timestamp': 1730294664, 'idMessage': 'BAE598C0170DDF1E', 'status': 'sent', 'sendByApi': True}}
2024-10-30 16:24:25,914 - INFO - Получено статус сообщения: sent
2024-10-30 16:24:26,264 - ERROR - Ошибка при получении сообщения: 400 - {"statusCode":400,"timestamp":"2024-10-30T13:24:26.871Z","path":"/waInstance7103942473/getMessage/0040cb8ba8f642de98fbba29668639e01635e4934a624d778c","message":"Validation failed. Details: 'chatId' must be one of the next formats: 'phone_number@c.us' or 'group_id@g.us'"}
2024-10-30 16:24:26,668 - INFO - Ошибка при отправке сообщения: 400
2024-10-30 16:24:26,669 - INFO - [DATA_MESSAGE] None
2024-10-30 16:24:26,671 - INFO - Текст сообщения отсутствует
2024-10-30 16:24:26,980 - INFO - Уведомление с receipt_id 38 успешно удалено.
2024-10-30 16:24:44,881 - INFO - [Входящее сообщение] {'receiptId': 39, 'body': {'typeWebhook': 'outgoingMessageStatus', 'chatId': '77476758154@c.us', 'instanceData': {'idInstance': 7103942473, 'wid': '77075543658@c.us', 'typeInstance': 'whatsapp'}, 'timestamp': 1730294685, 'idMessage': '2E6188AD885A5BBB4A7585A5DEDE54F6', 'status': 'sent', 'sendByApi': False}}
2024-10-30 16:24:44,886 - INFO - Получено статус сообщения: sent
2024-10-30 16:24:45,198 - ERROR - Ошибка при получении сообщения: 400 - {"statusCode":400,"timestamp":"2024-10-30T13:24:45.811Z","path":"/waInstance7103942473/getMessage/0040cb8ba8f642de98fbba29668639e01635e4934a624d778c","message":"Validation failed. Details: 'chatId' must be one of the next formats: 'phone_number@c.us' or 'group_id@g.us'"}
2024-10-30 16:24:45,529 - INFO - Ошибка при отправке сообщения: 400
2024-10-30 16:24:45,530 - INFO - [DATA_MESSAGE] None
2024-10-30 16:24:45,532 - INFO - Текст сообщения отсутствует
2024-10-30 16:24:45,847 - INFO - Уведомление с receipt_id 39 успешно удалено.
2024-10-30 16:24:48,186 - INFO - [Входящее сообщение] {'receiptId': 40, 'body': {'typeWebhook': 'outgoingMessageStatus', 'chatId': '77476758154@c.us', 'instanceData': {'idInstance': 7103942473, 'wid': '77075543658@c.us', 'typeInstance': 'whatsapp'}, 'timestamp': 1730294685, 'idMessage': '2E6188AD885A5BBB4A7585A5DEDE54F6', 'status': 'read', 'sendByApi': False}}
2024-10-30 16:24:48,190 - INFO - Получено статус сообщения: read
2024-10-30 16:24:48,191 - INFO - Удаление ненужного сообщения 40
2024-10-30 16:24:48,529 - INFO - Уведомление с receipt_id 40 успешно удалено.
2024-10-30 16:24:48,530 - INFO - Текст сообщения отсутствует
2024-10-30 16:24:48,847 - INFO - Уведомление с receipt_id 40 успешно удалено.
2024-10-30 16:24:51,115 - INFO - [Входящее сообщение] {'receiptId': 41, 'body': {'typeWebhook': 'outgoingMessageStatus', 'chatId': '77476758154@c.us', 'instanceData': {'idInstance': 7103942473, 'wid': '77075543658@c.us', 'typeInstance': 'whatsapp'}, 'timestamp': 1730294685, 'idMessage': '2E6188AD885A5BBB4A7585A5DEDE54F6', 'status': 'delivered', 'sendByApi': False}}
2024-10-30 16:24:51,131 - INFO - Получено статус сообщения: delivered
2024-10-30 16:24:51,132 - INFO - Удаление ненужного сообщения 41
2024-10-30 16:24:51,166 - INFO - [STOP] Остановка ботов...
2024-10-30 16:24:51,431 - INFO - Уведомление с receipt_id 41 успешно удалено.
2024-10-30 16:24:51,431 - INFO - Текст сообщения отсутствует
2024-10-30 16:25:01,546 - INFO - [run] Запуск всех компонентов..
2024-10-30 16:25:09,335 - INFO - [Входящее сообщение] {'receiptId': 42, 'body': {'typeWebhook': 'outgoingMessageStatus', 'chatId': '77476758154@c.us', 'instanceData': {'idInstance': 7103942473, 'wid': '77075543658@c.us', 'typeInstance': 'whatsapp'}, 'timestamp': 1730294708, 'idMessage': 'FC13FCF67EB80C1856CBF08CCC228F74', 'status': 'sent', 'sendByApi': False}}
2024-10-30 16:25:09,340 - INFO - Получено статус сообщения: sent
2024-10-30 16:25:09,697 - ERROR - Ошибка при получении сообщения: 400 - {"statusCode":400,"timestamp":"2024-10-30T13:25:10.285Z","path":"/waInstance7103942473/getMessage/0040cb8ba8f642de98fbba29668639e01635e4934a624d778c","message":"Validation failed. Details: 'chatId' must be one of the next formats: 'phone_number@c.us' or 'group_id@g.us'"}
2024-10-30 16:25:10,013 - INFO - Ошибка при отправке сообщения: 400
2024-10-30 16:25:10,014 - INFO - [DATA_MESSAGE] None
2024-10-30 16:25:10,015 - INFO - Текст сообщения отсутствует
2024-10-30 16:25:10,312 - INFO - Уведомление с receipt_id 42 успешно удалено.
2024-10-30 16:25:12,597 - INFO - [Входящее сообщение] {'receiptId': 43, 'body': {'typeWebhook': 'outgoingMessageStatus', 'chatId': '77476758154@c.us', 'instanceData': {'idInstance': 7103942473, 'wid': '77075543658@c.us', 'typeInstance': 'whatsapp'}, 'timestamp': 1730294708, 'idMessage': 'FC13FCF67EB80C1856CBF08CCC228F74', 'status': 'delivered', 'sendByApi': False}}
2024-10-30 16:25:12,597 - INFO - Получено статус сообщения: delivered
2024-10-30 16:25:12,611 - INFO - Удаление ненужного сообщения 43
2024-10-30 16:25:12,879 - INFO - Уведомление с receipt_id 43 успешно удалено.
2024-10-30 16:25:12,879 - INFO - Текст сообщения отсутствует
2024-10-30 16:25:13,197 - INFO - Уведомление с receipt_id 43 успешно удалено.
2024-10-30 16:25:17,912 - INFO - [STOP] Остановка ботов...
2024-10-30 20:02:48,723 - INFO - [run] Запуск всех компонентов..
2024-10-30 20:03:03,994 - INFO - [Входящее сообщение] {'receiptId': 1, 'body': {'typeWebhook': 'incomingMessageReceived', 'instanceData': {'idInstance': 7103942473, 'wid': '77075543658@c.us', 'typeInstance': 'whatsapp'}, 'timestamp': 1730307783, 'idMessage': '6BF44B5123757CF2BCD3E589219F0B72', 'senderData': {'chatId': '77476758154@c.us', 'chatName': 'Марк', 'sender': '77476758154@c.us', 'senderName': 'Марк', 'senderContactName': 'Марк'}, 'messageData': {'typeMessage': 'textMessage', 'textMessageData': {'textMessage': 'Здравствуйте'}}}}
2024-10-30 20:03:03,997 - INFO - Входящее сообщение от клиента 77476758154
2024-10-30 20:03:06,397 - INFO - [Входящее сообщение] {'receiptId': 1, 'body': {'typeWebhook': 'incomingMessageReceived', 'instanceData': {'idInstance': 7103942473, 'wid': '77075543658@c.us', 'typeInstance': 'whatsapp'}, 'timestamp': 1730307783, 'idMessage': '6BF44B5123757CF2BCD3E589219F0B72', 'senderData': {'chatId': '77476758154@c.us', 'chatName': 'Марк', 'sender': '77476758154@c.us', 'senderName': 'Марк', 'senderContactName': 'Марк'}, 'messageData': {'typeMessage': 'textMessage', 'textMessageData': {'textMessage': 'Здравствуйте'}}}}
2024-10-30 20:03:06,401 - INFO - Входящее сообщение от клиента 77476758154
2024-10-30 20:03:09,586 - INFO - [Входящее сообщение] {'receiptId': 1, 'body': {'typeWebhook': 'incomingMessageReceived', 'instanceData': {'idInstance': 7103942473, 'wid': '77075543658@c.us', 'typeInstance': 'whatsapp'}, 'timestamp': 1730307783, 'idMessage': '6BF44B5123757CF2BCD3E589219F0B72', 'senderData': {'chatId': '77476758154@c.us', 'chatName': 'Марк', 'sender': '77476758154@c.us', 'senderName': 'Марк', 'senderContactName': 'Марк'}, 'messageData': {'typeMessage': 'textMessage', 'textMessageData': {'textMessage': 'Здравствуйте'}}}}
2024-10-30 20:03:09,590 - INFO - Входящее сообщение от клиента 77476758154
2024-10-30 20:03:12,752 - INFO - [Входящее сообщение] {'receiptId': 1, 'body': {'typeWebhook': 'incomingMessageReceived', 'instanceData': {'idInstance': 7103942473, 'wid': '77075543658@c.us', 'typeInstance': 'whatsapp'}, 'timestamp': 1730307783, 'idMessage': '6BF44B5123757CF2BCD3E589219F0B72', 'senderData': {'chatId': '77476758154@c.us', 'chatName': 'Марк', 'sender': '77476758154@c.us', 'senderName': 'Марк', 'senderContactName': 'Марк'}, 'messageData': {'typeMessage': 'textMessage', 'textMessageData': {'textMessage': 'Здравствуйте'}}}}
2024-10-30 20:03:12,757 - INFO - Входящее сообщение от клиента 77476758154
2024-10-30 20:03:15,128 - INFO - [Входящее сообщение] {'receiptId': 1, 'body': {'typeWebhook': 'incomingMessageReceived', 'instanceData': {'idInstance': 7103942473, 'wid': '77075543658@c.us', 'typeInstance': 'whatsapp'}, 'timestamp': 1730307783, 'idMessage': '6BF44B5123757CF2BCD3E589219F0B72', 'senderData': {'chatId': '77476758154@c.us', 'chatName': 'Марк', 'sender': '77476758154@c.us', 'senderName': 'Марк', 'senderContactName': 'Марк'}, 'messageData': {'typeMessage': 'textMessage', 'textMessageData': {'textMessage': 'Здравствуйте'}}}}
2024-10-30 20:03:15,133 - INFO - Входящее сообщение от клиента 77476758154
2024-10-30 20:03:17,435 - INFO - [Входящее сообщение] {'receiptId': 1, 'body': {'typeWebhook': 'incomingMessageReceived', 'instanceData': {'idInstance': 7103942473, 'wid': '77075543658@c.us', 'typeInstance': 'whatsapp'}, 'timestamp': 1730307783, 'idMessage': '6BF44B5123757CF2BCD3E589219F0B72', 'senderData': {'chatId': '77476758154@c.us', 'chatName': 'Марк', 'sender': '77476758154@c.us', 'senderName': 'Марк', 'senderContactName': 'Марк'}, 'messageData': {'typeMessage': 'textMessage', 'textMessageData': {'textMessage': 'Здравствуйте'}}}}
2024-10-30 20:03:17,436 - INFO - Входящее сообщение от клиента 77476758154
2024-10-30 20:03:18,636 - INFO - [STOP] Остановка ботов...
2024-10-30 20:05:09,768 - INFO - [run] Запуск всех компонентов..
2024-10-30 20:05:10,185 - INFO - [Входящее сообщение] {'receiptId': 1, 'body': {'typeWebhook': 'incomingMessageReceived', 'instanceData': {'idInstance': 7103942473, 'wid': '77075543658@c.us', 'typeInstance': 'whatsapp'}, 'timestamp': 1730307783, 'idMessage': '6BF44B5123757CF2BCD3E589219F0B72', 'senderData': {'chatId': '77476758154@c.us', 'chatName': 'Марк', 'sender': '77476758154@c.us', 'senderName': 'Марк', 'senderContactName': 'Марк'}, 'messageData': {'typeMessage': 'textMessage', 'textMessageData': {'textMessage': 'Здравствуйте'}}}}
2024-10-30 20:05:10,186 - INFO - Входящее сообщение от клиента 77476758154
2024-10-30 20:05:10,308 - ERROR - Ошибка в процессе обработки сообщения: Working outside of application context.

This typically means that you attempted to use functionality that needed
the current application. To solve this, set up an application context
with app.app_context(). See the documentation for more information.
2024-10-30 20:05:12,737 - INFO - [Входящее сообщение] {'receiptId': 1, 'body': {'typeWebhook': 'incomingMessageReceived', 'instanceData': {'idInstance': 7103942473, 'wid': '77075543658@c.us', 'typeInstance': 'whatsapp'}, 'timestamp': 1730307783, 'idMessage': '6BF44B5123757CF2BCD3E589219F0B72', 'senderData': {'chatId': '77476758154@c.us', 'chatName': 'Марк', 'sender': '77476758154@c.us', 'senderName': 'Марк', 'senderContactName': 'Марк'}, 'messageData': {'typeMessage': 'textMessage', 'textMessageData': {'textMessage': 'Здравствуйте'}}}}
2024-10-30 20:05:12,739 - INFO - Входящее сообщение от клиента 77476758154
2024-10-30 20:05:12,863 - ERROR - Ошибка в процессе обработки сообщения: Working outside of application context.

This typically means that you attempted to use functionality that needed
the current application. To solve this, set up an application context
with app.app_context(). See the documentation for more information.
2024-10-30 20:05:13,372 - INFO - [STOP] Остановка ботов...
2024-10-30 20:05:50,151 - INFO - [run] Запуск всех компонентов..
2024-10-30 20:05:50,488 - INFO - [Входящее сообщение] {'receiptId': 1, 'body': {'typeWebhook': 'incomingMessageReceived', 'instanceData': {'idInstance': 7103942473, 'wid': '77075543658@c.us', 'typeInstance': 'whatsapp'}, 'timestamp': 1730307783, 'idMessage': '6BF44B5123757CF2BCD3E589219F0B72', 'senderData': {'chatId': '77476758154@c.us', 'chatName': 'Марк', 'sender': '77476758154@c.us', 'senderName': 'Марк', 'senderContactName': 'Марк'}, 'messageData': {'typeMessage': 'textMessage', 'textMessageData': {'textMessage': 'Здравствуйте'}}}}
2024-10-30 20:05:50,492 - INFO - Входящее сообщение от клиента 77476758154
2024-10-30 20:05:51,069 - INFO - Сообщение '❇️ Рекомендуемый ответ для: *Марк* (77476758154)
На сообщение: Здравствуйте
➡️ *Кликните:* https://twi.kz/zYAj' отправлено на номер 77075543658
2024-10-30 20:05:51,500 - INFO - Уведомление с receipt_id 1 успешно удалено.
2024-10-30 20:05:54,208 - INFO - [Входящее сообщение] {'receiptId': 2, 'body': {'typeWebhook': 'outgoingMessageStatus', 'chatId': '77075543658@c.us', 'instanceData': {'idInstance': 7103942473, 'wid': '77075543658@c.us', 'typeInstance': 'whatsapp'}, 'timestamp': 1730307953, 'idMessage': 'BAE5065B57A7326C', 'status': 'sent', 'sendByApi': True}}
2024-10-30 20:05:54,211 - INFO - Получено статус сообщения: sent
2024-10-30 20:05:54,212 - INFO - Текст сообщения отсутствует
2024-10-30 20:05:54,553 - INFO - Уведомление с receipt_id 2 успешно удалено.
2024-10-30 20:06:12,202 - INFO - [STOP] Остановка ботов...
